Using pre-set license
Built from '2021.2/staging' branch; Version is '2021.2.10f1 (ee872746220e) revision 15632167'; Using compiler version '192829333'; Build Type 'Release'
OS: 'Windows 10  (10.0.18363) 64bit Enterprise' Language: 'en' Physical Memory: 65244 MB
BatchMode: 1, IsHumanControllingUs: 0, StartBugReporterOnCrash: 0, Is64bit: 1, IsPro: 0

COMMAND LINE ARGUMENTS:
C:\Program Files\Unity\2021.2.10f1_ee872746220e\Unity.exe
-adb2
-batchMode
-noUpm
-name
AssetImportWorker8
-projectPath
C:/Users/vita.skruibyte/Documents/Projects/VisualEffectGraph-Samples
-logFile
Logs/AssetImportWorker8.log
-srvPort
53655
Successfully changed project path to: C:/Users/vita.skruibyte/Documents/Projects/VisualEffectGraph-Samples
C:/Users/vita.skruibyte/Documents/Projects/VisualEffectGraph-Samples
[UnityMemory] Configuration Parameters - Can be set up in boot.config
    "memorysetup-bucket-allocator-granularity=16"
    "memorysetup-bucket-allocator-bucket-count=8"
    "memorysetup-bucket-allocator-block-size=33554432"
    "memorysetup-bucket-allocator-block-count=8"
    "memorysetup-main-allocator-block-size=16777216"
    "memorysetup-thread-allocator-block-size=16777216"
    "memorysetup-gfx-main-allocator-block-size=16777216"
    "memorysetup-gfx-thread-allocator-block-size=16777216"
    "memorysetup-cache-allocator-block-size=4194304"
    "memorysetup-typetree-allocator-block-size=2097152"
    "memorysetup-profiler-bucket-allocator-granularity=16"
    "memorysetup-profiler-bucket-allocator-bucket-count=8"
    "memorysetup-profiler-bucket-allocator-block-size=33554432"
    "memorysetup-profiler-bucket-allocator-block-count=8"
    "memorysetup-profiler-allocator-block-size=16777216"
    "memorysetup-profiler-editor-allocator-block-size=1048576"
    "memorysetup-temp-allocator-size-main=16777216"
    "memorysetup-job-temp-allocator-block-size=2097152"
    "memorysetup-job-temp-allocator-block-size-background=1048576"
    "memorysetup-job-temp-allocator-reduction-small-platforms=262144"
    "memorysetup-temp-allocator-size-background-worker=32768"
    "memorysetup-temp-allocator-size-job-worker=262144"
    "memorysetup-temp-allocator-size-preload-manager=33554432"
    "memorysetup-temp-allocator-size-nav-mesh-worker=65536"
    "memorysetup-temp-allocator-size-audio-worker=65536"
    "memorysetup-temp-allocator-size-cloud-worker=32768"
    "memorysetup-temp-allocator-size-gi-baking-worker=262144"
    "memorysetup-temp-allocator-size-gfx=262144"
Refreshing native plugins compatible for Editor in 92.15 ms, found 0 plugins.
Preloading 0 native plugins for Editor in 0.00 ms.
Initialize engine version: 2021.2.10f1 (ee872746220e)
[Subsystems] Discovering subsystems at path C:/Program Files/Unity/2021.2.10f1_ee872746220e/Data/Resources/UnitySubsystems
[Subsystems] Discovering subsystems at path C:/Users/vita.skruibyte/Documents/Projects/VisualEffectGraph-Samples/Assets
GfxDevice: creating device client; threaded=0; jobified=0
Direct3D:
    Version:  Direct3D 11.0 [level 11.1]
    Renderer: NVIDIA GeForce RTX 2070 SUPER (ID=0x1e84)
    Vendor:   NVIDIA
    VRAM:     8011 MB
    Driver:   30.0.14.7141
Initialize mono
Mono path[0] = 'C:/Program Files/Unity/2021.2.10f1_ee872746220e/Data/Managed'
Mono path[1] = 'C:/Program Files/Unity/2021.2.10f1_ee872746220e/Data/MonoBleedingEdge/lib/mono/unityjit-win32'
Mono config path = 'C:/Program Files/Unity/2021.2.10f1_ee872746220e/Data/MonoBleedingEdge/etc'
Using monoOptions --debugger-agent=transport=dt_socket,embedding=1,server=y,suspend=n,address=127.0.0.1:56268
Begin MonoManager ReloadAssembly
Registering precompiled unity dll's ...
Register platform support module: C:/Program Files/Unity/2021.2.10f1_ee872746220e/Data/PlaybackEngines/WindowsStandaloneSupport/UnityEditor.WindowsStandalone.Extensions.dll
Registered in 0.005411 seconds.
Native extension for WindowsStandalone target not found
Refreshing native plugins compatible for Editor in 86.70 ms, found 0 plugins.
Preloading 0 native plugins for Editor in 0.00 ms.
Mono: successfully reloaded assembly
- Completed reload, in  0.637 seconds
Domain Reload Profiling:
	ReloadAssembly (637ms)
		BeginReloadAssembly (67ms)
			ExecutionOrderSort (0ms)
			DisableScriptedObjects (0ms)
			BackupInstance (0ms)
			ReleaseScriptingObjects (0ms)
			CreateAndSetChildDomain (1ms)
		EndReloadAssembly (486ms)
			LoadAssemblies (65ms)
			RebuildTransferFunctionScriptingTraits (0ms)
			SetupTypeCache (116ms)
			ReleaseScriptCaches (0ms)
			RebuildScriptCaches (26ms)
			SetupLoadedEditorAssemblies (297ms)
				LogAssemblyErrors (0ms)
				InitializePlatformSupportModulesInManaged (14ms)
				SetLoadedEditorAssemblies (0ms)
				RefreshPlugins (87ms)
				BeforeProcessingInitializeOnLoad (1ms)
				ProcessInitializeOnLoadAttributes (154ms)
				ProcessInitializeOnLoadMethodAttributes (42ms)
				AfterProcessingInitializeOnLoad (0ms)
				EditorAssembliesLoaded (0ms)
			ExecutionOrderSort2 (0ms)
			AwakeInstancesAfterBackupRestoration (0ms)
Platform modules already initialized, skipping
Registering precompiled user dll's ...
Registered in 0.002667 seconds.
Begin MonoManager ReloadAssembly
Native extension for WindowsStandalone target not found
Refreshing native plugins compatible for Editor in 85.25 ms, found 0 plugins.
Preloading 0 native plugins for Editor in 0.00 ms.
Mono: successfully reloaded assembly
- Completed reload, in  1.289 seconds
Domain Reload Profiling:
	ReloadAssembly (1291ms)
		BeginReloadAssembly (113ms)
			ExecutionOrderSort (0ms)
			DisableScriptedObjects (5ms)
			BackupInstance (0ms)
			ReleaseScriptingObjects (0ms)
			CreateAndSetChildDomain (28ms)
		EndReloadAssembly (1092ms)
			LoadAssemblies (69ms)
			RebuildTransferFunctionScriptingTraits (0ms)
			SetupTypeCache (198ms)
			ReleaseScriptCaches (1ms)
			RebuildScriptCaches (97ms)
			SetupLoadedEditorAssemblies (674ms)
				LogAssemblyErrors (0ms)
				InitializePlatformSupportModulesInManaged (9ms)
				SetLoadedEditorAssemblies (0ms)
				RefreshPlugins (85ms)
				BeforeProcessingInitializeOnLoad (77ms)
				ProcessInitializeOnLoadAttributes (452ms)
				ProcessInitializeOnLoadMethodAttributes (40ms)
				AfterProcessingInitializeOnLoad (11ms)
				EditorAssembliesLoaded (0ms)
			ExecutionOrderSort2 (0ms)
			AwakeInstancesAfterBackupRestoration (15ms)
Platform modules already initialized, skipping
========================================================================
Worker process is ready to serve import requests
Launched and connected shader compiler UnityShaderCompiler.exe after 0.08 seconds
Refreshing native plugins compatible for Editor in 2.51 ms, found 0 plugins.
Preloading 0 native plugins for Editor in 0.00 ms.
Unloading 4080 Unused Serialized files (Serialized files now loaded: 0)
Unloading 48 unused Assets / (3.5 MB). Loaded Objects now: 4539.
Memory consumption went from 238.8 MB to 235.3 MB.
Total: 11.879400 ms (FindLiveObjects: 0.948400 ms CreateObjectMapping: 0.976900 ms MarkObjects: 8.459100 ms  DeleteObjects: 1.491400 ms)

AssetImportParameters requested are different than current active one (requested -> active):
  custom:video-decoder-ogg-theora: a1e56fd34408186e4bbccfd4996cb3dc -> 
  custom:container-muxer-webm: aa71ff27fc2769a1b78a27578f13a17b -> 
  custom:container-demuxer-webm: 4f35f7cbe854078d1ac9338744f61a02 -> 
  custom:video-encoder-webm-vp8: eb34c28f22e8b96e1ab97ce403110664 -> 
  custom:audio-encoder-webm-vorbis: bf7c407c2cedff20999df2af8eb42d56 -> 
  custom:framework-win-MediaFoundation: 216162199b28c13a410421893ffa2e32 -> 
  custom:container-demuxer-ogg: 62fdf1f143b41e24485cea50d1cbac27 -> 
  custom:video-decoder-webm-vp8: 9c59270c3fd7afecdb556c50c9e8de78 -> 
  custom:audio-decoder-ogg-vorbis: bf7c407c2cedff20999df2af8eb42d56 -> 
========================================================================
Received Prepare
Registering precompiled user dll's ...
Registered in 0.002023 seconds.
Begin MonoManager ReloadAssembly
Native extension for WindowsStandalone target not found
Refreshing native plugins compatible for Editor in 1.01 ms, found 0 plugins.
Preloading 0 native plugins for Editor in 0.00 ms.
Mono: successfully reloaded assembly
- Completed reload, in  1.009 seconds
Domain Reload Profiling:
	ReloadAssembly (1009ms)
		BeginReloadAssembly (149ms)
			ExecutionOrderSort (0ms)
			DisableScriptedObjects (8ms)
			BackupInstance (0ms)
			ReleaseScriptingObjects (0ms)
			CreateAndSetChildDomain (51ms)
		EndReloadAssembly (780ms)
			LoadAssemblies (71ms)
			RebuildTransferFunctionScriptingTraits (0ms)
			SetupTypeCache (193ms)
			ReleaseScriptCaches (2ms)
			RebuildScriptCaches (55ms)
			SetupLoadedEditorAssemblies (392ms)
				LogAssemblyErrors (0ms)
				InitializePlatformSupportModulesInManaged (10ms)
				SetLoadedEditorAssemblies (0ms)
				RefreshPlugins (1ms)
				BeforeProcessingInitializeOnLoad (74ms)
				ProcessInitializeOnLoadAttributes (278ms)
				ProcessInitializeOnLoadMethodAttributes (24ms)
				AfterProcessingInitializeOnLoad (5ms)
				EditorAssembliesLoaded (0ms)
			ExecutionOrderSort2 (0ms)
			AwakeInstancesAfterBackupRestoration (11ms)
Platform modules already initialized, skipping
Refreshing native plugins compatible for Editor in 1.54 ms, found 0 plugins.
Preloading 0 native plugins for Editor in 0.00 ms.
Unloading 3743 Unused Serialized files (Serialized files now loaded: 0)
Unloading 33 unused Assets / (3.5 MB). Loaded Objects now: 4553.
Memory consumption went from 222.6 MB to 219.1 MB.
Total: 6.855400 ms (FindLiveObjects: 0.570300 ms CreateObjectMapping: 0.386800 ms MarkObjects: 5.088200 ms  DeleteObjects: 0.808300 ms)

AssetImportParameters requested are different than current active one (requested -> active):
  custom:video-decoder-ogg-theora: a1e56fd34408186e4bbccfd4996cb3dc -> 
  custom:container-muxer-webm: aa71ff27fc2769a1b78a27578f13a17b -> 
  custom:container-demuxer-webm: 4f35f7cbe854078d1ac9338744f61a02 -> 
  custom:video-encoder-webm-vp8: eb34c28f22e8b96e1ab97ce403110664 -> 
  custom:audio-encoder-webm-vorbis: bf7c407c2cedff20999df2af8eb42d56 -> 
  custom:framework-win-MediaFoundation: 216162199b28c13a410421893ffa2e32 -> 
  custom:container-demuxer-ogg: 62fdf1f143b41e24485cea50d1cbac27 -> 
  custom:video-decoder-webm-vp8: 9c59270c3fd7afecdb556c50c9e8de78 -> 
  custom:audio-decoder-ogg-vorbis: bf7c407c2cedff20999df2af8eb42d56 -> 
========================================================================
Received Import Request.
  Time since last request: 1103162.109263 seconds.
  path: Assets/Samples/Meteorite/Meteorite_BufferREnder.renderTexture
  artifactKey: Guid(c15d949f127daef49a42e9f39e427433) Importer(815301076,1909f56bfc062723c751e8b465ee728b)
Start importing Assets/Samples/Meteorite/Meteorite_BufferREnder.renderTexture using Guid(c15d949f127daef49a42e9f39e427433) Importer(815301076,1909f56bfc062723c751e8b465ee728b)  -> (artifact id: '43c8d07ee36d95f8ffb61490dc8045cf') in 0.121647 seconds 
========================================================================
Received Import Request.
  Time since last request: 86.171283 seconds.
  path: Assets/Samples/Meteorite/VFX/Butterfly.vfx
  artifactKey: Guid(cca9a670c30fc6e479642c590de645ad) Importer(815301076,1909f56bfc062723c751e8b465ee728b)
Start importing Assets/Samples/Meteorite/VFX/Butterfly.vfx using Guid(cca9a670c30fc6e479642c590de645ad) Importer(815301076,1909f56bfc062723c751e8b465ee728b)  -> (artifact id: 'c9fa3461c6ae0ae5bea539b69e20a85c') in 1.780231 seconds 
========================================================================
Received Import Request.
  Time since last request: 0.000042 seconds.
  path: Assets/Samples/Meteorite/VFX/StaticBird.vfx
  artifactKey: Guid(facec9fc799386a479fa7177cfe0cccc) Importer(815301076,1909f56bfc062723c751e8b465ee728b)
Start importing Assets/Samples/Meteorite/VFX/StaticBird.vfx using Guid(facec9fc799386a479fa7177cfe0cccc) Importer(815301076,1909f56bfc062723c751e8b465ee728b)  -> (artifact id: 'a457946a7563987df479c8c81bf34949') in 1.072373 seconds 
========================================================================
Received Import Request.
  Time since last request: 0.000041 seconds.
  path: Assets/Samples/Meteorite/VFX/ImpactBuffer.vfx
  artifactKey: Guid(1a67091a9326f6d45952a81040a90537) Importer(815301076,1909f56bfc062723c751e8b465ee728b)
Start importing Assets/Samples/Meteorite/VFX/ImpactBuffer.vfx using Guid(1a67091a9326f6d45952a81040a90537) Importer(815301076,1909f56bfc062723c751e8b465ee728b)  -> (artifact id: 'b23cbd386353c3e595d84a071d355268') in 1.045350 seconds 
========================================================================
Received Import Request.
  Time since last request: 0.000036 seconds.
  path: Assets/Samples/Meteorite/VFX/ImpactBuffer.prefab
  artifactKey: Guid(e97409dbe315bd5479e057839166f0fa) Importer(815301076,1909f56bfc062723c751e8b465ee728b)
Start importing Assets/Samples/Meteorite/VFX/ImpactBuffer.prefab using Guid(e97409dbe315bd5479e057839166f0fa) Importer(815301076,1909f56bfc062723c751e8b465ee728b)  -> (artifact id: 'bc1246a64b0a56afa183db20cd4592a2') in 0.031182 seconds 
========================================================================
Received Import Request.
  Time since last request: 0.000054 seconds.
  path: Assets/Samples/Meteorite/VFX/Tree_Subgraph.vfx
  artifactKey: Guid(755fe322a0f6f9f4fb3ec8154bd0ff62) Importer(815301076,1909f56bfc062723c751e8b465ee728b)
Start importing Assets/Samples/Meteorite/VFX/Tree_Subgraph.vfx using Guid(755fe322a0f6f9f4fb3ec8154bd0ff62) Importer(815301076,1909f56bfc062723c751e8b465ee728b)  -> (artifact id: '0723927e260996bd52d7dea1c3b3b9dd') in 0.971102 seconds 
========================================================================
Received Import Request.
  Time since last request: 0.000045 seconds.
  path: Assets/Samples/Meteorite/VFX/Leaves.vfx
  artifactKey: Guid(1f6f55309079d3144b59e0fb5bcc7d07) Importer(815301076,1909f56bfc062723c751e8b465ee728b)
Start importing Assets/Samples/Meteorite/VFX/Leaves.vfx using Guid(1f6f55309079d3144b59e0fb5bcc7d07) Importer(815301076,1909f56bfc062723c751e8b465ee728b)  -> (artifact id: '7fa5163c0893a0d2a82c72d62d40fb2c') in 0.578729 seconds 
========================================================================
Received Import Request.
  Time since last request: 29.808413 seconds.
  path: Assets/Samples/Meteorite/Materials/Brown.mat
  artifactKey: Guid(a5e8251e517414545b2e0a4c539449de) Importer(815301076,1909f56bfc062723c751e8b465ee728b)
Start importing Assets/Samples/Meteorite/Materials/Brown.mat using Guid(a5e8251e517414545b2e0a4c539449de) Importer(815301076,1909f56bfc062723c751e8b465ee728b)  -> (artifact id: '990ee051e177d7f6b40cbf254c7b3df3') in 0.529126 seconds 
========================================================================
Received Import Request.
  Time since last request: 0.195748 seconds.
  path: Assets/Samples/MagicBook/VFX/Trails.vfx
  artifactKey: Guid(28eef3721797e00448fc0cef986e5fee) Importer(815301076,1909f56bfc062723c751e8b465ee728b)
Start importing Assets/Samples/MagicBook/VFX/Trails.vfx using Guid(28eef3721797e00448fc0cef986e5fee) Importer(815301076,1909f56bfc062723c751e8b465ee728b)  -> (artifact id: 'a5ebd24fff42df45079f260a39e184dd') in 0.717419 seconds 
========================================================================
Received Import Request.
  Time since last request: 0.000056 seconds.
  path: Assets/Samples/Volumetric/Volumetric.vfx
  artifactKey: Guid(884c89cd46c8a7f4a8efd9a11af646ee) Importer(815301076,1909f56bfc062723c751e8b465ee728b)
Start importing Assets/Samples/Volumetric/Volumetric.vfx using Guid(884c89cd46c8a7f4a8efd9a11af646ee) Importer(815301076,1909f56bfc062723c751e8b465ee728b)  -> (artifact id: '8b6d3ea6b9f9935f7f9dba363cc61caf') in 5.536104 seconds 
========================================================================
Received Import Request.
  Time since last request: 35.244354 seconds.
  path: Packages/com.unity.render-pipelines.high-definition/Runtime/RenderPipelineResources/Material/DefaultHDMaterial.mat
  artifactKey: Guid(73c176f402d2c2f4d929aa5da7585d17) Importer(815301076,1909f56bfc062723c751e8b465ee728b)
Start importing Packages/com.unity.render-pipelines.high-definition/Runtime/RenderPipelineResources/Material/DefaultHDMaterial.mat using Guid(73c176f402d2c2f4d929aa5da7585d17) Importer(815301076,1909f56bfc062723c751e8b465ee728b)  -> (artifact id: '49636aa74e28b9d4b0cb0c590401a9b0') in 0.027357 seconds 
========================================================================
Received Import Request.
  Time since last request: 0.000038 seconds.
  path: Assets/Samples/Meteorite/Meshes/GroundImpact.fbx
  artifactKey: Guid(43b0ef68a9b748148a0d6d5e1cbda0d9) Importer(815301076,1909f56bfc062723c751e8b465ee728b)
Start importing Assets/Samples/Meteorite/Meshes/GroundImpact.fbx using Guid(43b0ef68a9b748148a0d6d5e1cbda0d9) Importer(815301076,1909f56bfc062723c751e8b465ee728b)  -> (artifact id: '02d4351f372c5f70f3857bdc0741ef07') in 0.280680 seconds 
========================================================================
Received Import Request.
  Time since last request: 0.000042 seconds.
  path: Assets/Samples/Meteorite/Materials/Textures/BushSheet_1x2.psd
  artifactKey: Guid(2ad02644389a42045aec77487f660528) Importer(815301076,1909f56bfc062723c751e8b465ee728b)
Start importing Assets/Samples/Meteorite/Materials/Textures/BushSheet_1x2.psd using Guid(2ad02644389a42045aec77487f660528) Importer(815301076,1909f56bfc062723c751e8b465ee728b)  -> (artifact id: '251c99c91f4e5c22ba83525a08804ca3') in 0.019327 seconds 
========================================================================
Received Import Request.
  Time since last request: 0.000044 seconds.
  path: Assets/Samples/Meteorite/MeteoriteSample/Lightmap-3_comp_shadowmask.png
  artifactKey: Guid(d17048085c1cf5f4484e8aa080030272) Importer(815301076,1909f56bfc062723c751e8b465ee728b)
Start importing Assets/Samples/Meteorite/MeteoriteSample/Lightmap-3_comp_shadowmask.png using Guid(d17048085c1cf5f4484e8aa080030272) Importer(815301076,1909f56bfc062723c751e8b465ee728b)  -> (artifact id: 'cbcbd6089e9ea68f0f741fb2840188bd') in 0.032641 seconds 
========================================================================
Received Import Request.
  Time since last request: 0.000037 seconds.
  path: Assets/Samples/Meteorite/Materials/Textures/ButterflySheet_1x4.psd
  artifactKey: Guid(eca3d08fc3de5004ab68e9e0b3e6dec3) Importer(815301076,1909f56bfc062723c751e8b465ee728b)
Start importing Assets/Samples/Meteorite/Materials/Textures/ButterflySheet_1x4.psd using Guid(eca3d08fc3de5004ab68e9e0b3e6dec3) Importer(815301076,1909f56bfc062723c751e8b465ee728b)  -> (artifact id: '37b15bff8fd8afe6fe3103cc41de8ff1') in 0.012855 seconds 
Editor requested this worker to shutdown with reason: Scaling down because of idle timeout
AssetImportWorker is now disconnected from the server
Process exiting
Exiting without the bug reporter. Application will terminate with return code 0