Using pre-set license
Built from '2021.2/staging' branch; Version is '2021.2.10f1 (ee872746220e) revision 15632167'; Using compiler version '192829333'; Build Type 'Release'
OS: 'Windows 10  (10.0.18363) 64bit Enterprise' Language: 'en' Physical Memory: 65244 MB
BatchMode: 1, IsHumanControllingUs: 0, StartBugReporterOnCrash: 0, Is64bit: 1, IsPro: 0

COMMAND LINE ARGUMENTS:
C:\Program Files\Unity\2021.2.10f1_ee872746220e\Unity.exe
-adb2
-batchMode
-noUpm
-name
AssetImportWorker10
-projectPath
C:/Users/vita.skruibyte/Documents/Projects/VisualEffectGraph-Samples
-logFile
Logs/AssetImportWorker10.log
-srvPort
53655
Successfully changed project path to: C:/Users/vita.skruibyte/Documents/Projects/VisualEffectGraph-Samples
C:/Users/vita.skruibyte/Documents/Projects/VisualEffectGraph-Samples
[UnityMemory] Configuration Parameters - Can be set up in boot.config
    "memorysetup-bucket-allocator-granularity=16"
    "memorysetup-bucket-allocator-bucket-count=8"
    "memorysetup-bucket-allocator-block-size=33554432"
    "memorysetup-bucket-allocator-block-count=8"
    "memorysetup-main-allocator-block-size=16777216"
    "memorysetup-thread-allocator-block-size=16777216"
    "memorysetup-gfx-main-allocator-block-size=16777216"
    "memorysetup-gfx-thread-allocator-block-size=16777216"
    "memorysetup-cache-allocator-block-size=4194304"
    "memorysetup-typetree-allocator-block-size=2097152"
    "memorysetup-profiler-bucket-allocator-granularity=16"
    "memorysetup-profiler-bucket-allocator-bucket-count=8"
    "memorysetup-profiler-bucket-allocator-block-size=33554432"
    "memorysetup-profiler-bucket-allocator-block-count=8"
    "memorysetup-profiler-allocator-block-size=16777216"
    "memorysetup-profiler-editor-allocator-block-size=1048576"
    "memorysetup-temp-allocator-size-main=16777216"
    "memorysetup-job-temp-allocator-block-size=2097152"
    "memorysetup-job-temp-allocator-block-size-background=1048576"
    "memorysetup-job-temp-allocator-reduction-small-platforms=262144"
    "memorysetup-temp-allocator-size-background-worker=32768"
    "memorysetup-temp-allocator-size-job-worker=262144"
    "memorysetup-temp-allocator-size-preload-manager=33554432"
    "memorysetup-temp-allocator-size-nav-mesh-worker=65536"
    "memorysetup-temp-allocator-size-audio-worker=65536"
    "memorysetup-temp-allocator-size-cloud-worker=32768"
    "memorysetup-temp-allocator-size-gi-baking-worker=262144"
    "memorysetup-temp-allocator-size-gfx=262144"
Refreshing native plugins compatible for Editor in 82.06 ms, found 0 plugins.
Preloading 0 native plugins for Editor in 0.00 ms.
Initialize engine version: 2021.2.10f1 (ee872746220e)
[Subsystems] Discovering subsystems at path C:/Program Files/Unity/2021.2.10f1_ee872746220e/Data/Resources/UnitySubsystems
[Subsystems] Discovering subsystems at path C:/Users/vita.skruibyte/Documents/Projects/VisualEffectGraph-Samples/Assets
GfxDevice: creating device client; threaded=0; jobified=0
Direct3D:
    Version:  Direct3D 11.0 [level 11.1]
    Renderer: NVIDIA GeForce RTX 2070 SUPER (ID=0x1e84)
    Vendor:   NVIDIA
    VRAM:     8011 MB
    Driver:   30.0.14.7141
Initialize mono
Mono path[0] = 'C:/Program Files/Unity/2021.2.10f1_ee872746220e/Data/Managed'
Mono path[1] = 'C:/Program Files/Unity/2021.2.10f1_ee872746220e/Data/MonoBleedingEdge/lib/mono/unityjit-win32'
Mono config path = 'C:/Program Files/Unity/2021.2.10f1_ee872746220e/Data/MonoBleedingEdge/etc'
Using monoOptions --debugger-agent=transport=dt_socket,embedding=1,server=y,suspend=n,address=127.0.0.1:56760
Begin MonoManager ReloadAssembly
Registering precompiled unity dll's ...
Register platform support module: C:/Program Files/Unity/2021.2.10f1_ee872746220e/Data/PlaybackEngines/WindowsStandaloneSupport/UnityEditor.WindowsStandalone.Extensions.dll
Registered in 0.002869 seconds.
Native extension for WindowsStandalone target not found
Refreshing native plugins compatible for Editor in 80.43 ms, found 0 plugins.
Preloading 0 native plugins for Editor in 0.00 ms.
Mono: successfully reloaded assembly
- Completed reload, in  0.692 seconds
Domain Reload Profiling:
	ReloadAssembly (693ms)
		BeginReloadAssembly (98ms)
			ExecutionOrderSort (0ms)
			DisableScriptedObjects (0ms)
			BackupInstance (0ms)
			ReleaseScriptingObjects (0ms)
			CreateAndSetChildDomain (1ms)
		EndReloadAssembly (504ms)
			LoadAssemblies (95ms)
			RebuildTransferFunctionScriptingTraits (0ms)
			SetupTypeCache (117ms)
			ReleaseScriptCaches (0ms)
			RebuildScriptCaches (30ms)
			SetupLoadedEditorAssemblies (307ms)
				LogAssemblyErrors (0ms)
				InitializePlatformSupportModulesInManaged (14ms)
				SetLoadedEditorAssemblies (0ms)
				RefreshPlugins (81ms)
				BeforeProcessingInitializeOnLoad (1ms)
				ProcessInitializeOnLoadAttributes (159ms)
				ProcessInitializeOnLoadMethodAttributes (52ms)
				AfterProcessingInitializeOnLoad (0ms)
				EditorAssembliesLoaded (0ms)
			ExecutionOrderSort2 (0ms)
			AwakeInstancesAfterBackupRestoration (0ms)
Platform modules already initialized, skipping
Registering precompiled user dll's ...
Registered in 0.003445 seconds.
Begin MonoManager ReloadAssembly
Native extension for WindowsStandalone target not found
Refreshing native plugins compatible for Editor in 92.58 ms, found 0 plugins.
Preloading 0 native plugins for Editor in 0.00 ms.
Mono: successfully reloaded assembly
- Completed reload, in  1.378 seconds
Domain Reload Profiling:
	ReloadAssembly (1378ms)
		BeginReloadAssembly (114ms)
			ExecutionOrderSort (0ms)
			DisableScriptedObjects (5ms)
			BackupInstance (0ms)
			ReleaseScriptingObjects (0ms)
			CreateAndSetChildDomain (30ms)
		EndReloadAssembly (1169ms)
			LoadAssemblies (76ms)
			RebuildTransferFunctionScriptingTraits (0ms)
			SetupTypeCache (213ms)
			ReleaseScriptCaches (1ms)
			RebuildScriptCaches (75ms)
			SetupLoadedEditorAssemblies (745ms)
				LogAssemblyErrors (0ms)
				InitializePlatformSupportModulesInManaged (10ms)
				SetLoadedEditorAssemblies (0ms)
				RefreshPlugins (93ms)
				BeforeProcessingInitializeOnLoad (87ms)
				ProcessInitializeOnLoadAttributes (498ms)
				ProcessInitializeOnLoadMethodAttributes (51ms)
				AfterProcessingInitializeOnLoad (6ms)
				EditorAssembliesLoaded (0ms)
			ExecutionOrderSort2 (0ms)
			AwakeInstancesAfterBackupRestoration (5ms)
Platform modules already initialized, skipping
========================================================================
Worker process is ready to serve import requests
Launched and connected shader compiler UnityShaderCompiler.exe after 0.06 seconds
Refreshing native plugins compatible for Editor in 1.83 ms, found 0 plugins.
Preloading 0 native plugins for Editor in 0.00 ms.
Unloading 4086 Unused Serialized files (Serialized files now loaded: 0)
Unloading 48 unused Assets / (3.5 MB). Loaded Objects now: 4564.
Memory consumption went from 243.6 MB to 240.1 MB.
Total: 8.608500 ms (FindLiveObjects: 0.625000 ms CreateObjectMapping: 0.675500 ms MarkObjects: 6.169200 ms  DeleteObjects: 1.136300 ms)

AssetImportParameters requested are different than current active one (requested -> active):
  custom:video-decoder-ogg-theora: a1e56fd34408186e4bbccfd4996cb3dc -> 
  custom:container-muxer-webm: aa71ff27fc2769a1b78a27578f13a17b -> 
  custom:container-demuxer-webm: 4f35f7cbe854078d1ac9338744f61a02 -> 
  custom:video-encoder-webm-vp8: eb34c28f22e8b96e1ab97ce403110664 -> 
  custom:audio-encoder-webm-vorbis: bf7c407c2cedff20999df2af8eb42d56 -> 
  custom:framework-win-MediaFoundation: 216162199b28c13a410421893ffa2e32 -> 
  custom:container-demuxer-ogg: 62fdf1f143b41e24485cea50d1cbac27 -> 
  custom:video-decoder-webm-vp8: 9c59270c3fd7afecdb556c50c9e8de78 -> 
  custom:audio-decoder-ogg-vorbis: bf7c407c2cedff20999df2af8eb42d56 -> 
========================================================================
Received Import Request.
  Time since last request: 1103283.754882 seconds.
  path: Assets/Samples/Meteorite/Materials/DistortionSubgraph.shadersubgraph
  artifactKey: Guid(86d8463b55a07ad4983d6d9fcd925e71) Importer(815301076,1909f56bfc062723c751e8b465ee728b)
Start importing Assets/Samples/Meteorite/Materials/DistortionSubgraph.shadersubgraph using Guid(86d8463b55a07ad4983d6d9fcd925e71) Importer(815301076,1909f56bfc062723c751e8b465ee728b)  -> (artifact id: 'c77c81ac8a89931fa0000e4a0b742950') in 0.039356 seconds 
========================================================================
Received Import Request.
  Time since last request: 0.685337 seconds.
  path: Assets/Samples/UnityLogo/UnityLogo.vfx
  artifactKey: Guid(b51b163050ba80a4cb5f2ba7fcb4a85b) Importer(815301076,1909f56bfc062723c751e8b465ee728b)
Start importing Assets/Samples/UnityLogo/UnityLogo.vfx using Guid(b51b163050ba80a4cb5f2ba7fcb4a85b) Importer(815301076,1909f56bfc062723c751e8b465ee728b)  -> (artifact id: 'c2f687105bbb63e435b8bdcd0511dbc5') in 1.440465 seconds 
========================================================================
Received Import Request.
  Time since last request: 0.000038 seconds.
  path: Assets/Samples/Meteorite/Materials/Tree.shadergraph
  artifactKey: Guid(9c61f14dd9141344989a50f3390b852c) Importer(815301076,1909f56bfc062723c751e8b465ee728b)
Start importing Assets/Samples/Meteorite/Materials/Tree.shadergraph using Guid(9c61f14dd9141344989a50f3390b852c) Importer(815301076,1909f56bfc062723c751e8b465ee728b)  -> (artifact id: '29a7c9015ce57da39141dcacdc194330') in 0.003756 seconds 
========================================================================
Received Import Request.
  Time since last request: 0.000053 seconds.
  path: Assets/Samples/VoxelizedTerrain/VoxelizedTerrain.vfx
  artifactKey: Guid(6a236408235dd0645a365e5128c09ae2) Importer(815301076,1909f56bfc062723c751e8b465ee728b)
Start importing Assets/Samples/VoxelizedTerrain/VoxelizedTerrain.vfx using Guid(6a236408235dd0645a365e5128c09ae2) Importer(815301076,1909f56bfc062723c751e8b465ee728b)  -> (artifact id: '7104ee1620f2b23f0c199a44791512a4') in 0.781980 seconds 
========================================================================
Received Import Request.
  Time since last request: 39.263539 seconds.
  path: Assets/Samples/Common/Textures/white.png
  artifactKey: Guid(d50ed937ce066414b914a3e196f46561) Importer(815301076,1909f56bfc062723c751e8b465ee728b)
Start importing Assets/Samples/Common/Textures/white.png using Guid(d50ed937ce066414b914a3e196f46561) Importer(815301076,1909f56bfc062723c751e8b465ee728b)  -> (artifact id: '09bac22fec1fff09243c8b587ccc1d6c') in 0.064296 seconds 
========================================================================
Received Import Request.
  Time since last request: 0.000040 seconds.
  path: Assets/Samples/Meteorite/MeteoriteSample/Lightmap-3_comp_light.exr
  artifactKey: Guid(566acc1f404ac1143bc4cfc619d9fc67) Importer(815301076,1909f56bfc062723c751e8b465ee728b)
Start importing Assets/Samples/Meteorite/MeteoriteSample/Lightmap-3_comp_light.exr using Guid(566acc1f404ac1143bc4cfc619d9fc67) Importer(815301076,1909f56bfc062723c751e8b465ee728b)  -> (artifact id: 'b73e980c2722c894da3e3e00a9743c2b') in 0.053130 seconds 
========================================================================
Received Import Request.
  Time since last request: 0.000060 seconds.
  path: Assets/Samples/Meteorite/Materials/Textures/MeteorTrail.psd
  artifactKey: Guid(69deb4d6fcc3a5f418d1e61816f215a0) Importer(815301076,1909f56bfc062723c751e8b465ee728b)
Start importing Assets/Samples/Meteorite/Materials/Textures/MeteorTrail.psd using Guid(69deb4d6fcc3a5f418d1e61816f215a0) Importer(815301076,1909f56bfc062723c751e8b465ee728b)  -> (artifact id: '4eddd064255e0932a10e3b5848c13bff') in 0.016779 seconds 
========================================================================
Received Import Request.
  Time since last request: 0.000047 seconds.
  path: Assets/Samples/Meteorite/MeteoriteSample/Lightmap-2_comp_shadowmask.png
  artifactKey: Guid(9d1d33797359b3a4aa1b4b8150d9a697) Importer(815301076,1909f56bfc062723c751e8b465ee728b)
Start importing Assets/Samples/Meteorite/MeteoriteSample/Lightmap-2_comp_shadowmask.png using Guid(9d1d33797359b3a4aa1b4b8150d9a697) Importer(815301076,1909f56bfc062723c751e8b465ee728b)  -> (artifact id: 'b3a6c6042e43fafc678cf81a3b0c1300') in 0.016537 seconds 
========================================================================
Received Import Request.
  Time since last request: 0.000035 seconds.
  path: Assets/Samples/Meteorite/Materials/Textures/meteorite_BaseColor.png
  artifactKey: Guid(7a776330d0c93504aa4cf2064dcce1d2) Importer(815301076,1909f56bfc062723c751e8b465ee728b)
Start importing Assets/Samples/Meteorite/Materials/Textures/meteorite_BaseColor.png using Guid(7a776330d0c93504aa4cf2064dcce1d2) Importer(815301076,1909f56bfc062723c751e8b465ee728b)  -> (artifact id: '70d2c3901f32ee705abf1eb06e4de513') in 0.013408 seconds 
========================================================================
Received Import Request.
  Time since last request: 0.000041 seconds.
  path: Assets/Samples/Meteorite/MeteoriteSample/Lightmap-0_comp_dir.png
  artifactKey: Guid(1fd7c5d59ee33234fa95bd1f2d0ef2bb) Importer(815301076,1909f56bfc062723c751e8b465ee728b)
Start importing Assets/Samples/Meteorite/MeteoriteSample/Lightmap-0_comp_dir.png using Guid(1fd7c5d59ee33234fa95bd1f2d0ef2bb) Importer(815301076,1909f56bfc062723c751e8b465ee728b)  -> (artifact id: '480f5b36c80ea8b9a18507a30e9a3a3c') in 0.018370 seconds 
========================================================================
Received Import Request.
  Time since last request: 0.000034 seconds.
  path: Assets/Samples/Meteorite/MeteoriteSample/Lightmap-6_comp_light.exr
  artifactKey: Guid(a9d2b6aa95daecb4594d19263a208ab3) Importer(815301076,1909f56bfc062723c751e8b465ee728b)
Start importing Assets/Samples/Meteorite/MeteoriteSample/Lightmap-6_comp_light.exr using Guid(a9d2b6aa95daecb4594d19263a208ab3) Importer(815301076,1909f56bfc062723c751e8b465ee728b)  -> (artifact id: '68961cc0d6c09b68943d7a996354ef94') in 0.018388 seconds 
========================================================================
Received Import Request.
  Time since last request: 0.000037 seconds.
  path: Assets/Samples/Meteorite/Meshes/tree1.fbx
  artifactKey: Guid(b22bd9b78508fda4d8e946e05056051f) Importer(815301076,1909f56bfc062723c751e8b465ee728b)
Start importing Assets/Samples/Meteorite/Meshes/tree1.fbx using Guid(b22bd9b78508fda4d8e946e05056051f) Importer(815301076,1909f56bfc062723c751e8b465ee728b)  -> (artifact id: 'ea5616b29e182cf5e42cae5b1eaa3991') in 0.082492 seconds 
========================================================================
Received Import Request.
  Time since last request: 0.000039 seconds.
  path: Assets/Samples/Meteorite/MeteoriteSample/Lightmap-7_comp_light.exr
  artifactKey: Guid(07dfa9a063478204892e09409c1e2ade) Importer(815301076,1909f56bfc062723c751e8b465ee728b)
Start importing Assets/Samples/Meteorite/MeteoriteSample/Lightmap-7_comp_light.exr using Guid(07dfa9a063478204892e09409c1e2ade) Importer(815301076,1909f56bfc062723c751e8b465ee728b)  -> (artifact id: '0013e3ebf96f66885f2e5ef50fd8ec71') in 0.016970 seconds 
========================================================================
Received Import Request.
  Time since last request: 0.000041 seconds.
  path: Assets/Samples/Meteorite/MeteoriteSample/Lightmap-1_comp_dir.png
  artifactKey: Guid(9e0e0f5171a1c8e4b84472f1b7923837) Importer(815301076,1909f56bfc062723c751e8b465ee728b)
Start importing Assets/Samples/Meteorite/MeteoriteSample/Lightmap-1_comp_dir.png using Guid(9e0e0f5171a1c8e4b84472f1b7923837) Importer(815301076,1909f56bfc062723c751e8b465ee728b)  -> (artifact id: '47bce1203f489b89218173ba79b71275') in 0.014572 seconds 
========================================================================
Received Import Request.
  Time since last request: 0.000036 seconds.
  path: Assets/Samples/Meteorite/MeteoriteSample/Lightmap-9_comp_light.exr
  artifactKey: Guid(5f12993371ccb49489c34370feca1f00) Importer(815301076,1909f56bfc062723c751e8b465ee728b)
Start importing Assets/Samples/Meteorite/MeteoriteSample/Lightmap-9_comp_light.exr using Guid(5f12993371ccb49489c34370feca1f00) Importer(815301076,1909f56bfc062723c751e8b465ee728b)  -> (artifact id: '4e6190487ffed5c01320ab672c39594d') in 0.019235 seconds 
Editor requested this worker to shutdown with reason: Scaling down because of idle timeout
AssetImportWorker is now disconnected from the server
Process exiting
Exiting without the bug reporter. Application will terminate with return code 0