Using pre-set license
Built from '2021.2/staging' branch; Version is '2021.2.10f1 (ee872746220e) revision 15632167'; Using compiler version '192829333'; Build Type 'Release'
OS: 'Windows 10  (10.0.18363) 64bit Enterprise' Language: 'en' Physical Memory: 65244 MB
BatchMode: 1, IsHumanControllingUs: 0, StartBugReporterOnCrash: 0, Is64bit: 1, IsPro: 0

COMMAND LINE ARGUMENTS:
C:\Program Files\Unity\2021.2.10f1_ee872746220e\Unity.exe
-adb2
-batchMode
-noUpm
-name
AssetImportWorker0
-projectPath
C:/Users/vita.skruibyte/Desktop/Stripped-Samples
-logFile
Logs/AssetImportWorker0.log
-srvPort
53121
Successfully changed project path to: C:/Users/vita.skruibyte/Desktop/Stripped-Samples
C:/Users/vita.skruibyte/Desktop/Stripped-Samples
[UnityMemory] Configuration Parameters - Can be set up in boot.config
    "memorysetup-bucket-allocator-granularity=16"
    "memorysetup-bucket-allocator-bucket-count=8"
    "memorysetup-bucket-allocator-block-size=33554432"
    "memorysetup-bucket-allocator-block-count=8"
    "memorysetup-main-allocator-block-size=16777216"
    "memorysetup-thread-allocator-block-size=16777216"
    "memorysetup-gfx-main-allocator-block-size=16777216"
    "memorysetup-gfx-thread-allocator-block-size=16777216"
    "memorysetup-cache-allocator-block-size=4194304"
    "memorysetup-typetree-allocator-block-size=2097152"
    "memorysetup-profiler-bucket-allocator-granularity=16"
    "memorysetup-profiler-bucket-allocator-bucket-count=8"
    "memorysetup-profiler-bucket-allocator-block-size=33554432"
    "memorysetup-profiler-bucket-allocator-block-count=8"
    "memorysetup-profiler-allocator-block-size=16777216"
    "memorysetup-profiler-editor-allocator-block-size=1048576"
    "memorysetup-temp-allocator-size-main=16777216"
    "memorysetup-job-temp-allocator-block-size=2097152"
    "memorysetup-job-temp-allocator-block-size-background=1048576"
    "memorysetup-job-temp-allocator-reduction-small-platforms=262144"
    "memorysetup-temp-allocator-size-background-worker=32768"
    "memorysetup-temp-allocator-size-job-worker=262144"
    "memorysetup-temp-allocator-size-preload-manager=33554432"
    "memorysetup-temp-allocator-size-nav-mesh-worker=65536"
    "memorysetup-temp-allocator-size-audio-worker=65536"
    "memorysetup-temp-allocator-size-cloud-worker=32768"
    "memorysetup-temp-allocator-size-gi-baking-worker=262144"
    "memorysetup-temp-allocator-size-gfx=262144"
Refreshing native plugins compatible for Editor in 68.20 ms, found 0 plugins.
Preloading 0 native plugins for Editor in 0.00 ms.
Initialize engine version: 2021.2.10f1 (ee872746220e)
[Subsystems] Discovering subsystems at path C:/Program Files/Unity/2021.2.10f1_ee872746220e/Data/Resources/UnitySubsystems
[Subsystems] Discovering subsystems at path C:/Users/vita.skruibyte/Desktop/Stripped-Samples/Assets
GfxDevice: creating device client; threaded=0; jobified=0
Direct3D:
    Version:  Direct3D 11.0 [level 11.1]
    Renderer: NVIDIA GeForce RTX 2070 SUPER (ID=0x1e84)
    Vendor:   NVIDIA
    VRAM:     8011 MB
    Driver:   30.0.14.7141
Initialize mono
Mono path[0] = 'C:/Program Files/Unity/2021.2.10f1_ee872746220e/Data/Managed'
Mono path[1] = 'C:/Program Files/Unity/2021.2.10f1_ee872746220e/Data/MonoBleedingEdge/lib/mono/unityjit-win32'
Mono config path = 'C:/Program Files/Unity/2021.2.10f1_ee872746220e/Data/MonoBleedingEdge/etc'
Using monoOptions --debugger-agent=transport=dt_socket,embedding=1,server=y,suspend=n,address=127.0.0.1:56636
Begin MonoManager ReloadAssembly
Registering precompiled unity dll's ...
Register platform support module: C:/Program Files/Unity/2021.2.10f1_ee872746220e/Data/PlaybackEngines/WindowsStandaloneSupport/UnityEditor.WindowsStandalone.Extensions.dll
Registered in 0.002948 seconds.
Native extension for WindowsStandalone target not found
Refreshing native plugins compatible for Editor in 60.78 ms, found 0 plugins.
Preloading 0 native plugins for Editor in 0.00 ms.
Mono: successfully reloaded assembly
- Completed reload, in  0.548 seconds
Domain Reload Profiling:
	ReloadAssembly (549ms)
		BeginReloadAssembly (63ms)
			ExecutionOrderSort (0ms)
			DisableScriptedObjects (0ms)
			BackupInstance (0ms)
			ReleaseScriptingObjects (0ms)
			CreateAndSetChildDomain (1ms)
		EndReloadAssembly (415ms)
			LoadAssemblies (61ms)
			RebuildTransferFunctionScriptingTraits (0ms)
			SetupTypeCache (103ms)
			ReleaseScriptCaches (0ms)
			RebuildScriptCaches (24ms)
			SetupLoadedEditorAssemblies (240ms)
				LogAssemblyErrors (0ms)
				InitializePlatformSupportModulesInManaged (14ms)
				SetLoadedEditorAssemblies (0ms)
				RefreshPlugins (61ms)
				BeforeProcessingInitializeOnLoad (1ms)
				ProcessInitializeOnLoadAttributes (122ms)
				ProcessInitializeOnLoadMethodAttributes (41ms)
				AfterProcessingInitializeOnLoad (0ms)
				EditorAssembliesLoaded (0ms)
			ExecutionOrderSort2 (0ms)
			AwakeInstancesAfterBackupRestoration (0ms)
Platform modules already initialized, skipping
Registering precompiled user dll's ...
Registered in 0.002102 seconds.
Begin MonoManager ReloadAssembly
Native extension for WindowsStandalone target not found
Refreshing native plugins compatible for Editor in 63.46 ms, found 0 plugins.
Preloading 0 native plugins for Editor in 0.00 ms.
Mono: successfully reloaded assembly
- Completed reload, in  1.258 seconds
Domain Reload Profiling:
	ReloadAssembly (1259ms)
		BeginReloadAssembly (108ms)
			ExecutionOrderSort (0ms)
			DisableScriptedObjects (5ms)
			BackupInstance (0ms)
			ReleaseScriptingObjects (0ms)
			CreateAndSetChildDomain (31ms)
		EndReloadAssembly (1066ms)
			LoadAssemblies (61ms)
			RebuildTransferFunctionScriptingTraits (0ms)
			SetupTypeCache (192ms)
			ReleaseScriptCaches (1ms)
			RebuildScriptCaches (75ms)
			SetupLoadedEditorAssemblies (699ms)
				LogAssemblyErrors (0ms)
				InitializePlatformSupportModulesInManaged (10ms)
				SetLoadedEditorAssemblies (0ms)
				RefreshPlugins (64ms)
				BeforeProcessingInitializeOnLoad (74ms)
				ProcessInitializeOnLoadAttributes (489ms)
				ProcessInitializeOnLoadMethodAttributes (54ms)
				AfterProcessingInitializeOnLoad (8ms)
				EditorAssembliesLoaded (0ms)
			ExecutionOrderSort2 (0ms)
			AwakeInstancesAfterBackupRestoration (6ms)
Platform modules already initialized, skipping
========================================================================
Worker process is ready to serve import requests
Launched and connected shader compiler UnityShaderCompiler.exe after 0.07 seconds
Refreshing native plugins compatible for Editor in 0.86 ms, found 0 plugins.
Preloading 0 native plugins for Editor in 0.00 ms.
Unloading 4027 Unused Serialized files (Serialized files now loaded: 0)
Unloading 51 unused Assets / (3.8 MB). Loaded Objects now: 4480.
Memory consumption went from 231.2 MB to 227.4 MB.
Total: 5.956000 ms (FindLiveObjects: 0.719400 ms CreateObjectMapping: 0.729700 ms MarkObjects: 3.529800 ms  DeleteObjects: 0.975200 ms)

AssetImportParameters requested are different than current active one (requested -> active):
  custom:video-decoder-ogg-theora: a1e56fd34408186e4bbccfd4996cb3dc -> 
  custom:container-muxer-webm: aa71ff27fc2769a1b78a27578f13a17b -> 
  custom:container-demuxer-webm: 4f35f7cbe854078d1ac9338744f61a02 -> 
  custom:video-encoder-webm-vp8: eb34c28f22e8b96e1ab97ce403110664 -> 
  custom:audio-encoder-webm-vorbis: bf7c407c2cedff20999df2af8eb42d56 -> 
  custom:framework-win-MediaFoundation: 216162199b28c13a410421893ffa2e32 -> 
  custom:container-demuxer-ogg: 62fdf1f143b41e24485cea50d1cbac27 -> 
  custom:video-decoder-webm-vp8: 9c59270c3fd7afecdb556c50c9e8de78 -> 
  custom:audio-decoder-ogg-vorbis: bf7c407c2cedff20999df2af8eb42d56 -> 
========================================================================
Received Import Request.
  Time since last request: 1108431.320280 seconds.
  path: Assets/VFXDefaultResources.asset
  artifactKey: Guid(b84c2cb6e004dad46bca40ad9da5a211) Importer(815301076,1909f56bfc062723c751e8b465ee728b)
Start importing Assets/VFXDefaultResources.asset using Guid(b84c2cb6e004dad46bca40ad9da5a211) Importer(815301076,1909f56bfc062723c751e8b465ee728b)  -> (artifact id: '35ca88f42a9016f2a4609de35795d553') in 0.051574 seconds 
========================================================================
Received Import Request.
  Time since last request: 24.284789 seconds.
  path: Assets/SampleLoader
  artifactKey: Guid(2d98657199fa8464e8e659fcbcdceb7e) Importer(815301076,1909f56bfc062723c751e8b465ee728b)
Start importing Assets/SampleLoader using Guid(2d98657199fa8464e8e659fcbcdceb7e) Importer(815301076,1909f56bfc062723c751e8b465ee728b)  -> (artifact id: '2f67eca95c9a342abe82bf00801cb7ab') in 0.005449 seconds 
========================================================================
Received Import Request.
  Time since last request: 0.331330 seconds.
  path: Assets/Samples
  artifactKey: Guid(f15caaf08200bce4f9d37cd88a3e685e) Importer(815301076,1909f56bfc062723c751e8b465ee728b)
Start importing Assets/Samples using Guid(f15caaf08200bce4f9d37cd88a3e685e) Importer(815301076,1909f56bfc062723c751e8b465ee728b)  -> (artifact id: 'cd6b3f70e284ad0711c033744a6b254d') in 0.005891 seconds 
========================================================================
Received Import Request.
  Time since last request: 1.102836 seconds.
  path: Assets/Samples/Meteorite
  artifactKey: Guid(8572878aa7108fa498edc24473b3a822) Importer(815301076,1909f56bfc062723c751e8b465ee728b)
Start importing Assets/Samples/Meteorite using Guid(8572878aa7108fa498edc24473b3a822) Importer(815301076,1909f56bfc062723c751e8b465ee728b)  -> (artifact id: '4a167d88292dbaa8206efa1a27a8115e') in 0.006318 seconds 
========================================================================
Received Import Request.
  Time since last request: 0.036002 seconds.
  path: Assets/Samples/Meteorite/Light.prefab
  artifactKey: Guid(2bab0d0f3c835f949aa46d6e567d1807) Importer(815301076,1909f56bfc062723c751e8b465ee728b)
Start importing Assets/Samples/Meteorite/Light.prefab using Guid(2bab0d0f3c835f949aa46d6e567d1807) Importer(815301076,1909f56bfc062723c751e8b465ee728b)  -> (artifact id: 'cad89094d8b956eba6371d3ba7e2df24') in 0.035328 seconds 
========================================================================
Received Import Request.
  Time since last request: 0.000023 seconds.
  path: Assets/Samples/Meteorite/Meteorite_PostProcess.asset
  artifactKey: Guid(982e6955608d8a34ab0314724b5f9e40) Importer(815301076,1909f56bfc062723c751e8b465ee728b)
Start importing Assets/Samples/Meteorite/Meteorite_PostProcess.asset using Guid(982e6955608d8a34ab0314724b5f9e40) Importer(815301076,1909f56bfc062723c751e8b465ee728b)  -> (artifact id: 'c1e07fb76575e127cb9e603276347c5e') in 0.015085 seconds 
========================================================================
Received Import Request.
  Time since last request: 0.000040 seconds.
  path: Assets/Samples/Meteorite/MeteoriteTimeline.playable
  artifactKey: Guid(a4aeeb14d4463ae4f953869be5d5f41e) Importer(815301076,1909f56bfc062723c751e8b465ee728b)
Start importing Assets/Samples/Meteorite/MeteoriteTimeline.playable using Guid(a4aeeb14d4463ae4f953869be5d5f41e) Importer(815301076,1909f56bfc062723c751e8b465ee728b)  -> (artifact id: '5dfc13aff2fa8b3b09655bed85846bec') in 0.016775 seconds 
========================================================================
Received Import Request.
  Time since last request: 1.329322 seconds.
  path: Assets/Samples/GrassWind
  artifactKey: Guid(c5028c0a077e0674a8ad4ce95422fbe6) Importer(815301076,1909f56bfc062723c751e8b465ee728b)
Start importing Assets/Samples/GrassWind using Guid(c5028c0a077e0674a8ad4ce95422fbe6) Importer(815301076,1909f56bfc062723c751e8b465ee728b)  -> (artifact id: 'eb2302f5e11636f1730ff503df558875') in 0.006522 seconds 
========================================================================
Received Import Request.
  Time since last request: 0.149427 seconds.
  path: Assets/Samples/GrassWind/Environment_GrassWind.vfx
  artifactKey: Guid(8e3162b55d5df384496e1f87759911da) Importer(815301076,1909f56bfc062723c751e8b465ee728b)
Start importing Assets/Samples/GrassWind/Environment_GrassWind.vfx using Guid(8e3162b55d5df384496e1f87759911da) Importer(815301076,1909f56bfc062723c751e8b465ee728b) Launched and connected shader compiler UnityShaderCompiler.exe after 0.09 seconds
Launched and connected shader compiler UnityShaderCompiler.exe after 0.09 seconds
Launched and connected shader compiler UnityShaderCompiler.exe after 0.08 seconds
Launched and connected shader compiler UnityShaderCompiler.exe after 0.11 seconds
Launched and connected shader compiler UnityShaderCompiler.exe after 0.11 seconds
Launched and connected shader compiler UnityShaderCompiler.exe after 0.10 seconds
Launched and connected shader compiler UnityShaderCompiler.exe after 0.11 seconds
Launched and connected shader compiler UnityShaderCompiler.exe after 0.11 seconds
Launched and connected shader compiler UnityShaderCompiler.exe after 0.08 seconds
Launched and connected shader compiler UnityShaderCompiler.exe after 0.09 seconds
Launched and connected shader compiler UnityShaderCompiler.exe after 0.10 seconds
Launched and connected shader compiler UnityShaderCompiler.exe after 0.10 seconds
Launched and connected shader compiler UnityShaderCompiler.exe after 0.10 seconds
Launched and connected shader compiler UnityShaderCompiler.exe after 0.10 seconds
Launched and connected shader compiler UnityShaderCompiler.exe after 0.11 seconds
Launched and connected shader compiler UnityShaderCompiler.exe after 0.11 seconds
Launched and connected shader compiler UnityShaderCompiler.exe after 0.10 seconds
Launched and connected shader compiler UnityShaderCompiler.exe after 0.10 seconds
Launched and connected shader compiler UnityShaderCompiler.exe after 0.12 seconds
Launched and connected shader compiler UnityShaderCompiler.exe after 0.28 seconds
Launched and connected shader compiler UnityShaderCompiler.exe after 0.37 seconds
Launched and connected shader compiler UnityShaderCompiler.exe after 0.71 seconds
Launched and connected shader compiler UnityShaderCompiler.exe after 0.75 seconds
Launched and connected shader compiler UnityShaderCompiler.exe after 0.73 seconds
Launched and connected shader compiler UnityShaderCompiler.exe after 1.02 seconds
Launched and connected shader compiler UnityShaderCompiler.exe after 0.49 seconds
Launched and connected shader compiler UnityShaderCompiler.exe after 0.74 seconds
 -> (artifact id: '1915305a9df17a495e08a5e8f5012298') in 35.857619 seconds 
