Using pre-set license
Built from '2021.2/staging' branch; Version is '2021.2.10f1 (ee872746220e) revision 15632167'; Using compiler version '192829333'; Build Type 'Release'
OS: 'Windows 10  (10.0.18363) 64bit Enterprise' Language: 'en' Physical Memory: 65244 MB
BatchMode: 1, IsHumanControllingUs: 0, StartBugReporterOnCrash: 0, Is64bit: 1, IsPro: 0

COMMAND LINE ARGUMENTS:
C:\Program Files\Unity\2021.2.10f1_ee872746220e\Unity.exe
-adb2
-batchMode
-noUpm
-name
AssetImportWorker3
-projectPath
C:/Users/vita.skruibyte/Documents/Projects/VisualEffectGraph-Samples
-logFile
Logs/AssetImportWorker3.log
-srvPort
53655
Successfully changed project path to: C:/Users/vita.skruibyte/Documents/Projects/VisualEffectGraph-Samples
C:/Users/vita.skruibyte/Documents/Projects/VisualEffectGraph-Samples
[UnityMemory] Configuration Parameters - Can be set up in boot.config
    "memorysetup-bucket-allocator-granularity=16"
    "memorysetup-bucket-allocator-bucket-count=8"
    "memorysetup-bucket-allocator-block-size=33554432"
    "memorysetup-bucket-allocator-block-count=8"
    "memorysetup-main-allocator-block-size=16777216"
    "memorysetup-thread-allocator-block-size=16777216"
    "memorysetup-gfx-main-allocator-block-size=16777216"
    "memorysetup-gfx-thread-allocator-block-size=16777216"
    "memorysetup-cache-allocator-block-size=4194304"
    "memorysetup-typetree-allocator-block-size=2097152"
    "memorysetup-profiler-bucket-allocator-granularity=16"
    "memorysetup-profiler-bucket-allocator-bucket-count=8"
    "memorysetup-profiler-bucket-allocator-block-size=33554432"
    "memorysetup-profiler-bucket-allocator-block-count=8"
    "memorysetup-profiler-allocator-block-size=16777216"
    "memorysetup-profiler-editor-allocator-block-size=1048576"
    "memorysetup-temp-allocator-size-main=16777216"
    "memorysetup-job-temp-allocator-block-size=2097152"
    "memorysetup-job-temp-allocator-block-size-background=1048576"
    "memorysetup-job-temp-allocator-reduction-small-platforms=262144"
    "memorysetup-temp-allocator-size-background-worker=32768"
    "memorysetup-temp-allocator-size-job-worker=262144"
    "memorysetup-temp-allocator-size-preload-manager=33554432"
    "memorysetup-temp-allocator-size-nav-mesh-worker=65536"
    "memorysetup-temp-allocator-size-audio-worker=65536"
    "memorysetup-temp-allocator-size-cloud-worker=32768"
    "memorysetup-temp-allocator-size-gi-baking-worker=262144"
    "memorysetup-temp-allocator-size-gfx=262144"
Refreshing native plugins compatible for Editor in 95.59 ms, found 0 plugins.
Preloading 0 native plugins for Editor in 0.00 ms.
Initialize engine version: 2021.2.10f1 (ee872746220e)
[Subsystems] Discovering subsystems at path C:/Program Files/Unity/2021.2.10f1_ee872746220e/Data/Resources/UnitySubsystems
[Subsystems] Discovering subsystems at path C:/Users/vita.skruibyte/Documents/Projects/VisualEffectGraph-Samples/Assets
GfxDevice: creating device client; threaded=0; jobified=0
Direct3D:
    Version:  Direct3D 11.0 [level 11.1]
    Renderer: NVIDIA GeForce RTX 2070 SUPER (ID=0x1e84)
    Vendor:   NVIDIA
    VRAM:     8011 MB
    Driver:   30.0.14.7141
Initialize mono
Mono path[0] = 'C:/Program Files/Unity/2021.2.10f1_ee872746220e/Data/Managed'
Mono path[1] = 'C:/Program Files/Unity/2021.2.10f1_ee872746220e/Data/MonoBleedingEdge/lib/mono/unityjit-win32'
Mono config path = 'C:/Program Files/Unity/2021.2.10f1_ee872746220e/Data/MonoBleedingEdge/etc'
Using monoOptions --debugger-agent=transport=dt_socket,embedding=1,server=y,suspend=n,address=127.0.0.1:56660
Begin MonoManager ReloadAssembly
Registering precompiled unity dll's ...
Register platform support module: C:/Program Files/Unity/2021.2.10f1_ee872746220e/Data/PlaybackEngines/WindowsStandaloneSupport/UnityEditor.WindowsStandalone.Extensions.dll
Registered in 0.002488 seconds.
Native extension for WindowsStandalone target not found
Refreshing native plugins compatible for Editor in 80.61 ms, found 0 plugins.
Preloading 0 native plugins for Editor in 0.00 ms.
Mono: successfully reloaded assembly
- Completed reload, in  0.579 seconds
Domain Reload Profiling:
	ReloadAssembly (579ms)
		BeginReloadAssembly (69ms)
			ExecutionOrderSort (0ms)
			DisableScriptedObjects (0ms)
			BackupInstance (0ms)
			ReleaseScriptingObjects (0ms)
			CreateAndSetChildDomain (2ms)
		EndReloadAssembly (440ms)
			LoadAssemblies (65ms)
			RebuildTransferFunctionScriptingTraits (0ms)
			SetupTypeCache (102ms)
			ReleaseScriptCaches (0ms)
			RebuildScriptCaches (31ms)
			SetupLoadedEditorAssemblies (260ms)
				LogAssemblyErrors (0ms)
				InitializePlatformSupportModulesInManaged (15ms)
				SetLoadedEditorAssemblies (0ms)
				RefreshPlugins (81ms)
				BeforeProcessingInitializeOnLoad (1ms)
				ProcessInitializeOnLoadAttributes (123ms)
				ProcessInitializeOnLoadMethodAttributes (40ms)
				AfterProcessingInitializeOnLoad (0ms)
				EditorAssembliesLoaded (0ms)
			ExecutionOrderSort2 (0ms)
			AwakeInstancesAfterBackupRestoration (0ms)
Platform modules already initialized, skipping
Registering precompiled user dll's ...
Registered in 0.007094 seconds.
Begin MonoManager ReloadAssembly
Native extension for WindowsStandalone target not found
Refreshing native plugins compatible for Editor in 88.10 ms, found 0 plugins.
Preloading 0 native plugins for Editor in 0.00 ms.
Mono: successfully reloaded assembly
- Completed reload, in  1.284 seconds
Domain Reload Profiling:
	ReloadAssembly (1285ms)
		BeginReloadAssembly (120ms)
			ExecutionOrderSort (0ms)
			DisableScriptedObjects (5ms)
			BackupInstance (0ms)
			ReleaseScriptingObjects (0ms)
			CreateAndSetChildDomain (34ms)
		EndReloadAssembly (1071ms)
			LoadAssemblies (71ms)
			RebuildTransferFunctionScriptingTraits (0ms)
			SetupTypeCache (204ms)
			ReleaseScriptCaches (1ms)
			RebuildScriptCaches (71ms)
			SetupLoadedEditorAssemblies (690ms)
				LogAssemblyErrors (0ms)
				InitializePlatformSupportModulesInManaged (9ms)
				SetLoadedEditorAssemblies (0ms)
				RefreshPlugins (88ms)
				BeforeProcessingInitializeOnLoad (79ms)
				ProcessInitializeOnLoadAttributes (458ms)
				ProcessInitializeOnLoadMethodAttributes (50ms)
				AfterProcessingInitializeOnLoad (5ms)
				EditorAssembliesLoaded (0ms)
			ExecutionOrderSort2 (0ms)
			AwakeInstancesAfterBackupRestoration (5ms)
Platform modules already initialized, skipping
========================================================================
Worker process is ready to serve import requests
Launched and connected shader compiler UnityShaderCompiler.exe after 0.11 seconds
Refreshing native plugins compatible for Editor in 0.97 ms, found 0 plugins.
Preloading 0 native plugins for Editor in 0.00 ms.
Unloading 4077 Unused Serialized files (Serialized files now loaded: 0)
Unloading 51 unused Assets / (3.8 MB). Loaded Objects now: 4531.
Memory consumption went from 237.5 MB to 233.6 MB.
Total: 11.001400 ms (FindLiveObjects: 0.717300 ms CreateObjectMapping: 0.580500 ms MarkObjects: 8.047300 ms  DeleteObjects: 1.653600 ms)

AssetImportParameters requested are different than current active one (requested -> active):
  custom:video-decoder-ogg-theora: a1e56fd34408186e4bbccfd4996cb3dc -> 
  custom:container-muxer-webm: aa71ff27fc2769a1b78a27578f13a17b -> 
  custom:container-demuxer-webm: 4f35f7cbe854078d1ac9338744f61a02 -> 
  custom:video-encoder-webm-vp8: eb34c28f22e8b96e1ab97ce403110664 -> 
  custom:audio-encoder-webm-vorbis: bf7c407c2cedff20999df2af8eb42d56 -> 
  custom:framework-win-MediaFoundation: 216162199b28c13a410421893ffa2e32 -> 
  custom:container-demuxer-ogg: 62fdf1f143b41e24485cea50d1cbac27 -> 
  custom:video-decoder-webm-vp8: 9c59270c3fd7afecdb556c50c9e8de78 -> 
  custom:audio-decoder-ogg-vorbis: bf7c407c2cedff20999df2af8eb42d56 -> 
========================================================================
Received Import Request.
  Time since last request: 1102565.151532 seconds.
  path: Assets/Samples/Common/Standard Assets/Characters/ThirdPersonCharacter/Animation/HumanoidIdle.fbx
  artifactKey: Guid(dffa50cfe77e0434bbfa71245b3dd529) Importer(815301076,1909f56bfc062723c751e8b465ee728b)
Start importing Assets/Samples/Common/Standard Assets/Characters/ThirdPersonCharacter/Animation/HumanoidIdle.fbx using Guid(dffa50cfe77e0434bbfa71245b3dd529) Importer(815301076,1909f56bfc062723c751e8b465ee728b)  -> (artifact id: 'ce9d5830ce2a71e847e7de69c3fd233d') in 0.077840 seconds 
========================================================================
Received Import Request.
  Time since last request: 0.000027 seconds.
  path: Assets/Samples/GrassWind/GrassWind/Lightmap-0_comp_light.exr
  artifactKey: Guid(baedd35f91838604ca5f7a99d49232b7) Importer(815301076,1909f56bfc062723c751e8b465ee728b)
Start importing Assets/Samples/GrassWind/GrassWind/Lightmap-0_comp_light.exr using Guid(baedd35f91838604ca5f7a99d49232b7) Importer(815301076,1909f56bfc062723c751e8b465ee728b)  -> (artifact id: '7df9f83c8aa0ca35dfcf137d00d73915') in 0.087839 seconds 
========================================================================
Received Import Request.
  Time since last request: 0.000029 seconds.
  path: Assets/Samples/Common/Standard Assets/Characters/ThirdPersonCharacter/Textures/EthanNormals.png
  artifactKey: Guid(3b5b7be0f2332c24f89a2af018daa62d) Importer(815301076,1909f56bfc062723c751e8b465ee728b)
Start importing Assets/Samples/Common/Standard Assets/Characters/ThirdPersonCharacter/Textures/EthanNormals.png using Guid(3b5b7be0f2332c24f89a2af018daa62d) Importer(815301076,1909f56bfc062723c751e8b465ee728b)  -> (artifact id: '6bcacb5a02e151b6d83b1d3e9445566f') in 0.089209 seconds 
========================================================================
Received Import Request.
  Time since last request: 0.000024 seconds.
  path: Assets/Samples/Common/Textures/WispySmoke01_8x8.tga
  artifactKey: Guid(ee05b597174590c41a0929d87f45e68b) Importer(815301076,1909f56bfc062723c751e8b465ee728b)
Start importing Assets/Samples/Common/Textures/WispySmoke01_8x8.tga using Guid(ee05b597174590c41a0929d87f45e68b) Importer(815301076,1909f56bfc062723c751e8b465ee728b)  -> (artifact id: '6b5f0809b0a3002b46546b79e2f4ea8e') in 0.036170 seconds 
========================================================================
Received Import Request.
  Time since last request: 0.000042 seconds.
  path: Assets/Samples/Common/Standard Assets/Characters/ThirdPersonCharacter/Animation/HumanoidJumpAndFall.fbx
  artifactKey: Guid(51dd2e4c869794f75a0df7d54b210214) Importer(815301076,1909f56bfc062723c751e8b465ee728b)
Start importing Assets/Samples/Common/Standard Assets/Characters/ThirdPersonCharacter/Animation/HumanoidJumpAndFall.fbx using Guid(51dd2e4c869794f75a0df7d54b210214) Importer(815301076,1909f56bfc062723c751e8b465ee728b)  -> (artifact id: 'da3ee143734b23d82a6a092f5013cb16') in 0.020903 seconds 
========================================================================
Received Import Request.
  Time since last request: 0.000022 seconds.
  path: Assets/Samples/Common/Standard Assets/Characters/ThirdPersonCharacter/Animation/HumanoidStandTurn.fbx
  artifactKey: Guid(6fb3851da6a6f5948ab6892bee8ba920) Importer(815301076,1909f56bfc062723c751e8b465ee728b)
Start importing Assets/Samples/Common/Standard Assets/Characters/ThirdPersonCharacter/Animation/HumanoidStandTurn.fbx using Guid(6fb3851da6a6f5948ab6892bee8ba920) Importer(815301076,1909f56bfc062723c751e8b465ee728b)  -> (artifact id: '486e64c26383dd5bd14186c647201d3d') in 0.018323 seconds 
========================================================================
Received Import Request.
  Time since last request: 0.000032 seconds.
  path: Assets/Samples/GrassWind/Textures/Grass_pe1jvwp0/Grass_pe1jvwp0_MaskMap.tif
  artifactKey: Guid(0ec170d98f3983341b1b2a477d134355) Importer(815301076,1909f56bfc062723c751e8b465ee728b)
Start importing Assets/Samples/GrassWind/Textures/Grass_pe1jvwp0/Grass_pe1jvwp0_MaskMap.tif using Guid(0ec170d98f3983341b1b2a477d134355) Importer(815301076,1909f56bfc062723c751e8b465ee728b)  -> (artifact id: '5bf3c7240940f4d0980e40431591879d') in 0.027514 seconds 
========================================================================
Received Import Request.
  Time since last request: 0.000030 seconds.
  path: Assets/Samples/GrassWind/Textures/ScatteredStones_rmsih0p/ScatteredStones_rmsih0p_Albedo.tif
  artifactKey: Guid(27020d0084e70c64bb030fe883b1abd5) Importer(815301076,1909f56bfc062723c751e8b465ee728b)
Start importing Assets/Samples/GrassWind/Textures/ScatteredStones_rmsih0p/ScatteredStones_rmsih0p_Albedo.tif using Guid(27020d0084e70c64bb030fe883b1abd5) Importer(815301076,1909f56bfc062723c751e8b465ee728b)  -> (artifact id: 'dc1513d1d813a9d7a703eb82eca61918') in 0.033633 seconds 
========================================================================
Received Import Request.
  Time since last request: 0.000032 seconds.
  path: Packages/com.unity.render-pipelines.core/Editor/Volume/Icons/Volume.png
  artifactKey: Guid(188dfe7e559f13248ba2c41eb5a59328) Importer(815301076,1909f56bfc062723c751e8b465ee728b)
Start importing Packages/com.unity.render-pipelines.core/Editor/Volume/Icons/Volume.png using Guid(188dfe7e559f13248ba2c41eb5a59328) Importer(815301076,1909f56bfc062723c751e8b465ee728b)  -> (artifact id: '11740659447907a818094f8987e2300a') in 0.020916 seconds 
========================================================================
Received Import Request.
  Time since last request: 0.000027 seconds.
  path: Assets/Samples/Common/Standard Assets/Characters/ThirdPersonCharacter/Animation/HumanoidRunTurnSharp.fbx
  artifactKey: Guid(f2bed5dc5afacff44a00de8daae9703b) Importer(815301076,1909f56bfc062723c751e8b465ee728b)
Start importing Assets/Samples/Common/Standard Assets/Characters/ThirdPersonCharacter/Animation/HumanoidRunTurnSharp.fbx using Guid(f2bed5dc5afacff44a00de8daae9703b) Importer(815301076,1909f56bfc062723c751e8b465ee728b)  -> (artifact id: 'bb9b2b1404b15cc7a0c48471700dc9c4') in 0.013255 seconds 
========================================================================
Received Import Request.
  Time since last request: 0.000021 seconds.
  path: Assets/Samples/Common/Standard Assets/Characters/ThirdPersonCharacter/Animation/HumanoidWalk.fbx
  artifactKey: Guid(b1a5e04ae51004842aba06704a6c2903) Importer(815301076,1909f56bfc062723c751e8b465ee728b)
Start importing Assets/Samples/Common/Standard Assets/Characters/ThirdPersonCharacter/Animation/HumanoidWalk.fbx using Guid(b1a5e04ae51004842aba06704a6c2903) Importer(815301076,1909f56bfc062723c751e8b465ee728b)  -> (artifact id: '2992f6be14936ec18c258f7f35ffc0fd') in 0.017650 seconds 
========================================================================
Received Import Request.
  Time since last request: 0.000025 seconds.
  path: Assets/Samples/Common/Standard Assets/Characters/ThirdPersonCharacter/Materials/Ethan-diffuse.png
  artifactKey: Guid(6d146cc7699c9b34a846b11dc9c3d718) Importer(815301076,1909f56bfc062723c751e8b465ee728b)
Start importing Assets/Samples/Common/Standard Assets/Characters/ThirdPersonCharacter/Materials/Ethan-diffuse.png using Guid(6d146cc7699c9b34a846b11dc9c3d718) Importer(815301076,1909f56bfc062723c751e8b465ee728b)  -> (artifact id: '1367efb9625b0351c1dd24ae2bc87bda') in 0.018418 seconds 
========================================================================
Received Import Request.
  Time since last request: 0.000021 seconds.
  path: Packages/com.unity.render-pipelines.high-definition/Editor/RenderPipelineResources/Texture/HDAdditionalLightData.png
  artifactKey: Guid(31f47d3807109374ab564767abda71ab) Importer(815301076,1909f56bfc062723c751e8b465ee728b)
Start importing Packages/com.unity.render-pipelines.high-definition/Editor/RenderPipelineResources/Texture/HDAdditionalLightData.png using Guid(31f47d3807109374ab564767abda71ab) Importer(815301076,1909f56bfc062723c751e8b465ee728b)  -> (artifact id: '1de3e5fb8bd7484e88aea9f711d8d10f') in 0.014313 seconds 
========================================================================
Received Import Request.
  Time since last request: 0.000021 seconds.
  path: Assets/Samples/Common/Standard Assets/Characters/ThirdPersonCharacter/Animation/HumanoidRun.fbx
  artifactKey: Guid(1cb8ed3cbba15f0479fbae54e0a963df) Importer(815301076,1909f56bfc062723c751e8b465ee728b)
Start importing Assets/Samples/Common/Standard Assets/Characters/ThirdPersonCharacter/Animation/HumanoidRun.fbx using Guid(1cb8ed3cbba15f0479fbae54e0a963df) Importer(815301076,1909f56bfc062723c751e8b465ee728b)  -> (artifact id: '9ab7b0356feca2018d1f9cd0fb87f46e') in 0.018484 seconds 
========================================================================
Received Import Request.
  Time since last request: 0.000023 seconds.
  path: Assets/Samples/GrassWind/Textures/Grass_pe1jvwp0/Grass_pe1jvwp0_normal.tif
  artifactKey: Guid(12e2e3fa536f0bc4d9210f52a33e4c81) Importer(815301076,1909f56bfc062723c751e8b465ee728b)
Start importing Assets/Samples/GrassWind/Textures/Grass_pe1jvwp0/Grass_pe1jvwp0_normal.tif using Guid(12e2e3fa536f0bc4d9210f52a33e4c81) Importer(815301076,1909f56bfc062723c751e8b465ee728b)  -> (artifact id: 'b6561c95929eaf0a9587a39ac6cb41b8') in 0.016700 seconds 
========================================================================
Received Import Request.
  Time since last request: 0.000033 seconds.
  path: Assets/Samples/GrassWind/TerrainMaterials/FloorSticks.terrainlayer
  artifactKey: Guid(398c077feaf1866429706a01fc20ff47) Importer(815301076,1909f56bfc062723c751e8b465ee728b)
Start importing Assets/Samples/GrassWind/TerrainMaterials/FloorSticks.terrainlayer using Guid(398c077feaf1866429706a01fc20ff47) Importer(815301076,1909f56bfc062723c751e8b465ee728b)  -> (artifact id: '1b39f62e0f7c5fc165f61a06da47f8b9') in 0.032289 seconds 
========================================================================
Received Import Request.
  Time since last request: 0.000031 seconds.
  path: Packages/com.unity.visualeffectgraph/Editor/Utilities/pCache/Importer/pCache-Icon.png
  artifactKey: Guid(cf28868a0ab107e46b2d953f4f99fed4) Importer(815301076,1909f56bfc062723c751e8b465ee728b)
Start importing Packages/com.unity.visualeffectgraph/Editor/Utilities/pCache/Importer/pCache-Icon.png using Guid(cf28868a0ab107e46b2d953f4f99fed4) Importer(815301076,1909f56bfc062723c751e8b465ee728b)  -> (artifact id: 'a5af6dc06d0d12aab117fde1ef828a78') in 0.014970 seconds 
========================================================================
Received Import Request.
  Time since last request: 0.000021 seconds.
  path: Assets/Samples/Common/Standard Assets/Characters/ThirdPersonCharacter/Animation/HumanoidIdleJumpUp.fbx
  artifactKey: Guid(0d9d26e2162aa4d11ab075b34c029673) Importer(815301076,1909f56bfc062723c751e8b465ee728b)
Start importing Assets/Samples/Common/Standard Assets/Characters/ThirdPersonCharacter/Animation/HumanoidIdleJumpUp.fbx using Guid(0d9d26e2162aa4d11ab075b34c029673) Importer(815301076,1909f56bfc062723c751e8b465ee728b)  -> (artifact id: 'f07ede8511fa7730ea514344338c6a43') in 0.014504 seconds 
========================================================================
Received Import Request.
  Time since last request: 0.000026 seconds.
  path: Assets/Samples/GrassWind/Textures/Grass_Dried_omgra0/Grass_Dried_omgra0_normal.tif
  artifactKey: Guid(637503bc1851f7843ac9f5498f6f5688) Importer(815301076,1909f56bfc062723c751e8b465ee728b)
Start importing Assets/Samples/GrassWind/Textures/Grass_Dried_omgra0/Grass_Dried_omgra0_normal.tif using Guid(637503bc1851f7843ac9f5498f6f5688) Importer(815301076,1909f56bfc062723c751e8b465ee728b)  -> (artifact id: '110c34efeaa105cddfcc6a2d0cd8b848') in 0.018113 seconds 
========================================================================
Received Import Request.
  Time since last request: 0.000024 seconds.
  path: Packages/com.unity.cinemachine/Editor/EditorResources/cm_logo_sm.png
  artifactKey: Guid(5f2a108eb023faf43a809979fd3d38f2) Importer(815301076,1909f56bfc062723c751e8b465ee728b)
Start importing Packages/com.unity.cinemachine/Editor/EditorResources/cm_logo_sm.png using Guid(5f2a108eb023faf43a809979fd3d38f2) Importer(815301076,1909f56bfc062723c751e8b465ee728b)  -> (artifact id: 'af79e3dd7eb57dbaf898ced6ea7fb53e') in 0.017209 seconds 
========================================================================
Received Import Request.
  Time since last request: 0.000029 seconds.
  path: Assets/Samples/Common/Standard Assets/Characters/ThirdPersonCharacter/Materials/EthanWhite.mat
  artifactKey: Guid(f62b52b2d4b721742a0bc5c6b4db468d) Importer(815301076,1909f56bfc062723c751e8b465ee728b)
Start importing Assets/Samples/Common/Standard Assets/Characters/ThirdPersonCharacter/Materials/EthanWhite.mat using Guid(f62b52b2d4b721742a0bc5c6b4db468d) Importer(815301076,1909f56bfc062723c751e8b465ee728b)  -> (artifact id: '64aa02bba5b77d51ed16d954fc95d620') in 2.012891 seconds 
========================================================================
Received Import Request.
  Time since last request: 0.000047 seconds.
  path: Assets/Samples/GrassWind/GrassWind/Lightmap-0_comp_dir.png
  artifactKey: Guid(33a5310eaee5fde45a53e20ebdf5776d) Importer(815301076,1909f56bfc062723c751e8b465ee728b)
Start importing Assets/Samples/GrassWind/GrassWind/Lightmap-0_comp_dir.png using Guid(33a5310eaee5fde45a53e20ebdf5776d) Importer(815301076,1909f56bfc062723c751e8b465ee728b)  -> (artifact id: 'daef7578db0c4c4f04545c5c30bed0e7') in 0.013157 seconds 
========================================================================
Received Import Request.
  Time since last request: 0.000046 seconds.
  path: Assets/Samples/Common/Standard Assets/Characters/ThirdPersonCharacter/Prefabs/ThirdPersonController.prefab
  artifactKey: Guid(7737647c22c1fc64a88d5cd030c352ce) Importer(815301076,1909f56bfc062723c751e8b465ee728b)
Start importing Assets/Samples/Common/Standard Assets/Characters/ThirdPersonCharacter/Prefabs/ThirdPersonController.prefab using Guid(7737647c22c1fc64a88d5cd030c352ce) Importer(815301076,1909f56bfc062723c751e8b465ee728b)  -> (artifact id: '05635f027e969563059946b485d3b5b1') in 0.096496 seconds 
Editor requested this worker to shutdown with reason: Scaling down because of idle timeout
AssetImportWorker is now disconnected from the server
Process exiting
Exiting without the bug reporter. Application will terminate with return code 0