Using pre-set license
Built from '2021.2/staging' branch; Version is '2021.2.10f1 (ee872746220e) revision 15632167'; Using compiler version '192829333'; Build Type 'Release'
OS: 'Windows 10  (10.0.18363) 64bit Enterprise' Language: 'en' Physical Memory: 65244 MB
BatchMode: 1, IsHumanControllingUs: 0, StartBugReporterOnCrash: 0, Is64bit: 1, IsPro: 0

COMMAND LINE ARGUMENTS:
C:\Program Files\Unity\2021.2.10f1_ee872746220e\Unity.exe
-adb2
-batchMode
-noUpm
-name
AssetImportWorker11
-projectPath
C:/Users/vita.skruibyte/Documents/Projects/VisualEffectGraph-Samples
-logFile
Logs/AssetImportWorker11.log
-srvPort
53655
Successfully changed project path to: C:/Users/vita.skruibyte/Documents/Projects/VisualEffectGraph-Samples
C:/Users/vita.skruibyte/Documents/Projects/VisualEffectGraph-Samples
[UnityMemory] Configuration Parameters - Can be set up in boot.config
    "memorysetup-bucket-allocator-granularity=16"
    "memorysetup-bucket-allocator-bucket-count=8"
    "memorysetup-bucket-allocator-block-size=33554432"
    "memorysetup-bucket-allocator-block-count=8"
    "memorysetup-main-allocator-block-size=16777216"
    "memorysetup-thread-allocator-block-size=16777216"
    "memorysetup-gfx-main-allocator-block-size=16777216"
    "memorysetup-gfx-thread-allocator-block-size=16777216"
    "memorysetup-cache-allocator-block-size=4194304"
    "memorysetup-typetree-allocator-block-size=2097152"
    "memorysetup-profiler-bucket-allocator-granularity=16"
    "memorysetup-profiler-bucket-allocator-bucket-count=8"
    "memorysetup-profiler-bucket-allocator-block-size=33554432"
    "memorysetup-profiler-bucket-allocator-block-count=8"
    "memorysetup-profiler-allocator-block-size=16777216"
    "memorysetup-profiler-editor-allocator-block-size=1048576"
    "memorysetup-temp-allocator-size-main=16777216"
    "memorysetup-job-temp-allocator-block-size=2097152"
    "memorysetup-job-temp-allocator-block-size-background=1048576"
    "memorysetup-job-temp-allocator-reduction-small-platforms=262144"
    "memorysetup-temp-allocator-size-background-worker=32768"
    "memorysetup-temp-allocator-size-job-worker=262144"
    "memorysetup-temp-allocator-size-preload-manager=33554432"
    "memorysetup-temp-allocator-size-nav-mesh-worker=65536"
    "memorysetup-temp-allocator-size-audio-worker=65536"
    "memorysetup-temp-allocator-size-cloud-worker=32768"
    "memorysetup-temp-allocator-size-gi-baking-worker=262144"
    "memorysetup-temp-allocator-size-gfx=262144"
Refreshing native plugins compatible for Editor in 82.64 ms, found 0 plugins.
Preloading 0 native plugins for Editor in 0.00 ms.
Initialize engine version: 2021.2.10f1 (ee872746220e)
[Subsystems] Discovering subsystems at path C:/Program Files/Unity/2021.2.10f1_ee872746220e/Data/Resources/UnitySubsystems
[Subsystems] Discovering subsystems at path C:/Users/vita.skruibyte/Documents/Projects/VisualEffectGraph-Samples/Assets
GfxDevice: creating device client; threaded=0; jobified=0
Direct3D:
    Version:  Direct3D 11.0 [level 11.1]
    Renderer: NVIDIA GeForce RTX 2070 SUPER (ID=0x1e84)
    Vendor:   NVIDIA
    VRAM:     8011 MB
    Driver:   30.0.14.7141
Initialize mono
Mono path[0] = 'C:/Program Files/Unity/2021.2.10f1_ee872746220e/Data/Managed'
Mono path[1] = 'C:/Program Files/Unity/2021.2.10f1_ee872746220e/Data/MonoBleedingEdge/lib/mono/unityjit-win32'
Mono config path = 'C:/Program Files/Unity/2021.2.10f1_ee872746220e/Data/MonoBleedingEdge/etc'
Using monoOptions --debugger-agent=transport=dt_socket,embedding=1,server=y,suspend=n,address=127.0.0.1:56016
Begin MonoManager ReloadAssembly
Registering precompiled unity dll's ...
Register platform support module: C:/Program Files/Unity/2021.2.10f1_ee872746220e/Data/PlaybackEngines/WindowsStandaloneSupport/UnityEditor.WindowsStandalone.Extensions.dll
Registered in 0.004243 seconds.
Native extension for WindowsStandalone target not found
Refreshing native plugins compatible for Editor in 81.14 ms, found 0 plugins.
Preloading 0 native plugins for Editor in 0.00 ms.
Mono: successfully reloaded assembly
- Completed reload, in  0.712 seconds
Domain Reload Profiling:
	ReloadAssembly (713ms)
		BeginReloadAssembly (109ms)
			ExecutionOrderSort (0ms)
			DisableScriptedObjects (0ms)
			BackupInstance (0ms)
			ReleaseScriptingObjects (0ms)
			CreateAndSetChildDomain (1ms)
		EndReloadAssembly (496ms)
			LoadAssemblies (104ms)
			RebuildTransferFunctionScriptingTraits (0ms)
			SetupTypeCache (125ms)
			ReleaseScriptCaches (0ms)
			RebuildScriptCaches (28ms)
			SetupLoadedEditorAssemblies (292ms)
				LogAssemblyErrors (0ms)
				InitializePlatformSupportModulesInManaged (17ms)
				SetLoadedEditorAssemblies (0ms)
				RefreshPlugins (81ms)
				BeforeProcessingInitializeOnLoad (1ms)
				ProcessInitializeOnLoadAttributes (138ms)
				ProcessInitializeOnLoadMethodAttributes (54ms)
				AfterProcessingInitializeOnLoad (0ms)
				EditorAssembliesLoaded (0ms)
			ExecutionOrderSort2 (0ms)
			AwakeInstancesAfterBackupRestoration (0ms)
Platform modules already initialized, skipping
Registering precompiled user dll's ...
Registered in 0.003606 seconds.
Begin MonoManager ReloadAssembly
Native extension for WindowsStandalone target not found
Refreshing native plugins compatible for Editor in 90.60 ms, found 0 plugins.
Preloading 0 native plugins for Editor in 0.00 ms.
Mono: successfully reloaded assembly
- Completed reload, in  1.437 seconds
Domain Reload Profiling:
	ReloadAssembly (1437ms)
		BeginReloadAssembly (141ms)
			ExecutionOrderSort (0ms)
			DisableScriptedObjects (7ms)
			BackupInstance (0ms)
			ReleaseScriptingObjects (0ms)
			CreateAndSetChildDomain (31ms)
		EndReloadAssembly (1208ms)
			LoadAssemblies (71ms)
			RebuildTransferFunctionScriptingTraits (0ms)
			SetupTypeCache (204ms)
			ReleaseScriptCaches (1ms)
			RebuildScriptCaches (79ms)
			SetupLoadedEditorAssemblies (816ms)
				LogAssemblyErrors (0ms)
				InitializePlatformSupportModulesInManaged (9ms)
				SetLoadedEditorAssemblies (0ms)
				RefreshPlugins (91ms)
				BeforeProcessingInitializeOnLoad (118ms)
				ProcessInitializeOnLoadAttributes (538ms)
				ProcessInitializeOnLoadMethodAttributes (47ms)
				AfterProcessingInitializeOnLoad (12ms)
				EditorAssembliesLoaded (0ms)
			ExecutionOrderSort2 (0ms)
			AwakeInstancesAfterBackupRestoration (7ms)
Platform modules already initialized, skipping
========================================================================
Worker process is ready to serve import requests
Launched and connected shader compiler UnityShaderCompiler.exe after 0.06 seconds
Refreshing native plugins compatible for Editor in 1.81 ms, found 0 plugins.
Preloading 0 native plugins for Editor in 0.00 ms.
Unloading 4086 Unused Serialized files (Serialized files now loaded: 0)
Unloading 48 unused Assets / (3.5 MB). Loaded Objects now: 4564.
Memory consumption went from 243.6 MB to 240.1 MB.
Total: 5.707500 ms (FindLiveObjects: 0.512700 ms CreateObjectMapping: 0.234700 ms MarkObjects: 4.109900 ms  DeleteObjects: 0.849100 ms)

AssetImportParameters requested are different than current active one (requested -> active):
  custom:video-decoder-ogg-theora: a1e56fd34408186e4bbccfd4996cb3dc -> 
  custom:container-muxer-webm: aa71ff27fc2769a1b78a27578f13a17b -> 
  custom:container-demuxer-webm: 4f35f7cbe854078d1ac9338744f61a02 -> 
  custom:video-encoder-webm-vp8: eb34c28f22e8b96e1ab97ce403110664 -> 
  custom:audio-encoder-webm-vorbis: bf7c407c2cedff20999df2af8eb42d56 -> 
  custom:framework-win-MediaFoundation: 216162199b28c13a410421893ffa2e32 -> 
  custom:container-demuxer-ogg: 62fdf1f143b41e24485cea50d1cbac27 -> 
  custom:video-decoder-webm-vp8: 9c59270c3fd7afecdb556c50c9e8de78 -> 
  custom:audio-decoder-ogg-vorbis: bf7c407c2cedff20999df2af8eb42d56 -> 
========================================================================
Received Import Request.
  Time since last request: 1103258.295334 seconds.
  path: Assets/Samples/Meteorite/VFX/Tree_Subgraph.vfx
  artifactKey: Guid(755fe322a0f6f9f4fb3ec8154bd0ff62) Importer(815301076,1909f56bfc062723c751e8b465ee728b)
Start importing Assets/Samples/Meteorite/VFX/Tree_Subgraph.vfx using Guid(755fe322a0f6f9f4fb3ec8154bd0ff62) Importer(815301076,1909f56bfc062723c751e8b465ee728b)  -> (artifact id: '4478d7263befe29e0512bda761c74393') in 1.516340 seconds 
========================================================================
Received Import Request.
  Time since last request: 6.767092 seconds.
  path: Assets/Samples/Meteorite/VFX/Tree.vfx
  artifactKey: Guid(46ee4356ed71ae840b5c8dbf210cd776) Importer(815301076,1909f56bfc062723c751e8b465ee728b)
Start importing Assets/Samples/Meteorite/VFX/Tree.vfx using Guid(46ee4356ed71ae840b5c8dbf210cd776) Importer(815301076,1909f56bfc062723c751e8b465ee728b)  -> (artifact id: '67064b038a2201a5fd2d6a7cb9077ff8') in 0.058193 seconds 
========================================================================
Received Import Request.
  Time since last request: 3.988437 seconds.
  path: Assets/Samples/Meteorite/VFX/Tree_Subgraph.vfx
  artifactKey: Guid(755fe322a0f6f9f4fb3ec8154bd0ff62) Importer(815301076,1909f56bfc062723c751e8b465ee728b)
Start importing Assets/Samples/Meteorite/VFX/Tree_Subgraph.vfx using Guid(755fe322a0f6f9f4fb3ec8154bd0ff62) Importer(815301076,1909f56bfc062723c751e8b465ee728b)  -> (artifact id: '232438e29120f794031c3c4b1efeabf5') in 0.041022 seconds 
========================================================================
Received Import Request.
  Time since last request: 1.019003 seconds.
  path: Assets/Samples/Meteorite/VFX/Tree_Subgraph.vfx
  artifactKey: Guid(755fe322a0f6f9f4fb3ec8154bd0ff62) Importer(815301076,1909f56bfc062723c751e8b465ee728b)
Start importing Assets/Samples/Meteorite/VFX/Tree_Subgraph.vfx using Guid(755fe322a0f6f9f4fb3ec8154bd0ff62) Importer(815301076,1909f56bfc062723c751e8b465ee728b)  -> (artifact id: 'cf411b04503d034638c8f9831ff0a59a') in 0.048054 seconds 
========================================================================
Received Import Request.
  Time since last request: 1.220207 seconds.
  path: Assets/Samples/Meteorite/VFX/Tree_Subgraph.vfx
  artifactKey: Guid(755fe322a0f6f9f4fb3ec8154bd0ff62) Importer(815301076,1909f56bfc062723c751e8b465ee728b)
Start importing Assets/Samples/Meteorite/VFX/Tree_Subgraph.vfx using Guid(755fe322a0f6f9f4fb3ec8154bd0ff62) Importer(815301076,1909f56bfc062723c751e8b465ee728b)  -> (artifact id: 'c17a92f3baa049d680f7cc1f0b99468a') in 0.022168 seconds 
========================================================================
Received Import Request.
  Time since last request: 5.693733 seconds.
  path: Assets/Samples/Meteorite/VFX/Tree_Subgraph.vfx
  artifactKey: Guid(755fe322a0f6f9f4fb3ec8154bd0ff62) Importer(815301076,1909f56bfc062723c751e8b465ee728b)
Start importing Assets/Samples/Meteorite/VFX/Tree_Subgraph.vfx using Guid(755fe322a0f6f9f4fb3ec8154bd0ff62) Importer(815301076,1909f56bfc062723c751e8b465ee728b)  -> (artifact id: '939d0d4484fc38eb883890d06c629ed7') in 0.026144 seconds 
========================================================================
Received Import Request.
  Time since last request: 4.973664 seconds.
  path: Assets/Samples/Meteorite/Materials/BorwnVertexOffset.mat
  artifactKey: Guid(81fb89c577445de49b38d2be220a4b54) Importer(815301076,1909f56bfc062723c751e8b465ee728b)
Start importing Assets/Samples/Meteorite/Materials/BorwnVertexOffset.mat using Guid(81fb89c577445de49b38d2be220a4b54) Importer(815301076,1909f56bfc062723c751e8b465ee728b)  -> (artifact id: '0ecfda1af4011c7fb2eb06ca3f42165c') in 0.021556 seconds 
========================================================================
Received Import Request.
  Time since last request: 0.701234 seconds.
  path: Assets/Samples/Visual Effect Graph/7.4.1/VisualEffectGraph Additions/VFX/Sparks.vfx
  artifactKey: Guid(1194657162895cf41a278fe3576dbb4a) Importer(815301076,1909f56bfc062723c751e8b465ee728b)
Start importing Assets/Samples/Visual Effect Graph/7.4.1/VisualEffectGraph Additions/VFX/Sparks.vfx using Guid(1194657162895cf41a278fe3576dbb4a) Importer(815301076,1909f56bfc062723c751e8b465ee728b)  -> (artifact id: '68ec79272c9f105b055a196dbef9efb5') in 0.353558 seconds 
========================================================================
Received Import Request.
  Time since last request: 0.000042 seconds.
  path: Assets/Samples/GooBall/VFX/VFX GooBall.vfx
  artifactKey: Guid(01f43319faa4746489c78bf314bcfa2a) Importer(815301076,1909f56bfc062723c751e8b465ee728b)
Start importing Assets/Samples/GooBall/VFX/VFX GooBall.vfx using Guid(01f43319faa4746489c78bf314bcfa2a) Importer(815301076,1909f56bfc062723c751e8b465ee728b)  -> (artifact id: '3b383715a3c7d435fa9b3aada0deb5ec') in 25.468241 seconds 
========================================================================
Received Import Request.
  Time since last request: 15.670106 seconds.
  path: Packages/com.unity.cinemachine/Presets/Noise/Handheld_normal_mild.asset
  artifactKey: Guid(46965f9cbaf525742a6da4c2172a99cd) Importer(815301076,1909f56bfc062723c751e8b465ee728b)
Start importing Packages/com.unity.cinemachine/Presets/Noise/Handheld_normal_mild.asset using Guid(46965f9cbaf525742a6da4c2172a99cd) Importer(815301076,1909f56bfc062723c751e8b465ee728b)  -> (artifact id: '0e98a75427ce31e6d13283eaef02e0c6') in 0.010953 seconds 
========================================================================
Received Import Request.
  Time since last request: 0.000051 seconds.
  path: Assets/Samples/Meteorite/Materials/Textures/GroundImpactAlpha.png
  artifactKey: Guid(fc1ffd82e9b2c3744b0fdf9bccc66a8b) Importer(815301076,1909f56bfc062723c751e8b465ee728b)
Start importing Assets/Samples/Meteorite/Materials/Textures/GroundImpactAlpha.png using Guid(fc1ffd82e9b2c3744b0fdf9bccc66a8b) Importer(815301076,1909f56bfc062723c751e8b465ee728b)  -> (artifact id: 'f17d7afd86af3bae4969017693078fa9') in 0.055194 seconds 
========================================================================
Received Import Request.
  Time since last request: 0.000035 seconds.
  path: Assets/Samples/Meteorite/MeteoriteSample/Lightmap-9_comp_dir.png
  artifactKey: Guid(aaa66c5f3450fdc46a79330f493d174f) Importer(815301076,1909f56bfc062723c751e8b465ee728b)
Start importing Assets/Samples/Meteorite/MeteoriteSample/Lightmap-9_comp_dir.png using Guid(aaa66c5f3450fdc46a79330f493d174f) Importer(815301076,1909f56bfc062723c751e8b465ee728b)  -> (artifact id: '7fafcd5b537e3a745b75f3125983d65b') in 0.026347 seconds 
========================================================================
Received Import Request.
  Time since last request: 0.000034 seconds.
  path: Assets/Samples/Meteorite/MeteoriteSample/Lightmap-1_comp_light.exr
  artifactKey: Guid(3fcb3417b030c8a49b2603b7eaae30bd) Importer(815301076,1909f56bfc062723c751e8b465ee728b)
Start importing Assets/Samples/Meteorite/MeteoriteSample/Lightmap-1_comp_light.exr using Guid(3fcb3417b030c8a49b2603b7eaae30bd) Importer(815301076,1909f56bfc062723c751e8b465ee728b)  -> (artifact id: '413943dc06de47269a992490d00aec3c') in 0.053606 seconds 
========================================================================
Received Import Request.
  Time since last request: 0.000040 seconds.
  path: Assets/Samples/Meteorite/MeteoriteSample/Lightmap-3_comp_dir.png
  artifactKey: Guid(e19ddd55119c18c4bac25f85658cab65) Importer(815301076,1909f56bfc062723c751e8b465ee728b)
Start importing Assets/Samples/Meteorite/MeteoriteSample/Lightmap-3_comp_dir.png using Guid(e19ddd55119c18c4bac25f85658cab65) Importer(815301076,1909f56bfc062723c751e8b465ee728b)  -> (artifact id: '3386d5d217d6a5497fcc6cec7228798d') in 0.014590 seconds 
========================================================================
Received Import Request.
  Time since last request: 0.000043 seconds.
  path: Assets/Samples/Meteorite/MeteoriteSample/Lightmap-7_comp_shadowmask.png
  artifactKey: Guid(6792ea0046bbc744f946814461657906) Importer(815301076,1909f56bfc062723c751e8b465ee728b)
Start importing Assets/Samples/Meteorite/MeteoriteSample/Lightmap-7_comp_shadowmask.png using Guid(6792ea0046bbc744f946814461657906) Importer(815301076,1909f56bfc062723c751e8b465ee728b)  -> (artifact id: '251fbd3698bd84779a374c345e057250') in 0.016362 seconds 
========================================================================
Received Import Request.
  Time since last request: 0.000043 seconds.
  path: Assets/Samples/Meteorite/MeteoriteSample/Lightmap-5_comp_dir.png
  artifactKey: Guid(14cf575e1e368dc44a81cb4241a41b71) Importer(815301076,1909f56bfc062723c751e8b465ee728b)
Start importing Assets/Samples/Meteorite/MeteoriteSample/Lightmap-5_comp_dir.png using Guid(14cf575e1e368dc44a81cb4241a41b71) Importer(815301076,1909f56bfc062723c751e8b465ee728b)  -> (artifact id: '74de1341c96705f6ec91c3c268ea5e43') in 0.016006 seconds 
========================================================================
Received Import Request.
  Time since last request: 0.000035 seconds.
  path: Assets/Samples/Meteorite/MeteoriteSample/Lightmap-9_comp_shadowmask.png
  artifactKey: Guid(5a91fe349c869c940a03228e1fc73f63) Importer(815301076,1909f56bfc062723c751e8b465ee728b)
Start importing Assets/Samples/Meteorite/MeteoriteSample/Lightmap-9_comp_shadowmask.png using Guid(5a91fe349c869c940a03228e1fc73f63) Importer(815301076,1909f56bfc062723c751e8b465ee728b)  -> (artifact id: '6951f364e3cdf1a3423b255dfe6e7696') in 0.013357 seconds 
========================================================================
Received Import Request.
  Time since last request: 0.000037 seconds.
  path: Assets/Samples/Meteorite/MeteoriteSample/Lightmap-4_comp_light.exr
  artifactKey: Guid(d66f8571cb2813142b414ec3debebe10) Importer(815301076,1909f56bfc062723c751e8b465ee728b)
Start importing Assets/Samples/Meteorite/MeteoriteSample/Lightmap-4_comp_light.exr using Guid(d66f8571cb2813142b414ec3debebe10) Importer(815301076,1909f56bfc062723c751e8b465ee728b)  -> (artifact id: 'cb91b566ed33cb7df169345c701f9b00') in 0.015764 seconds 
========================================================================
Received Import Request.
  Time since last request: 0.000033 seconds.
  path: Assets/Samples/Meteorite/Materials/Textures/Leaves_2x2.png
  artifactKey: Guid(93fb0dae9ea2b874c9fd8b4cdb74b92c) Importer(815301076,1909f56bfc062723c751e8b465ee728b)
Start importing Assets/Samples/Meteorite/Materials/Textures/Leaves_2x2.png using Guid(93fb0dae9ea2b874c9fd8b4cdb74b92c) Importer(815301076,1909f56bfc062723c751e8b465ee728b)  -> (artifact id: '9af77bacd9aaf562af2b76edbd1e94e7') in 0.011636 seconds 
========================================================================
Received Import Request.
  Time since last request: 0.000054 seconds.
  path: Assets/Samples/Meteorite/MeteoriteSample/Lightmap-4_comp_dir.png
  artifactKey: Guid(d0f6d7c9be7e73f44af612677e2ffa94) Importer(815301076,1909f56bfc062723c751e8b465ee728b)
Start importing Assets/Samples/Meteorite/MeteoriteSample/Lightmap-4_comp_dir.png using Guid(d0f6d7c9be7e73f44af612677e2ffa94) Importer(815301076,1909f56bfc062723c751e8b465ee728b)  -> (artifact id: 'f03e3d266d9bcbebad49a5a9a831308c') in 0.014302 seconds 
========================================================================
Received Import Request.
  Time since last request: 0.000036 seconds.
  path: Assets/Samples/Meteorite/MeteoriteSample/Lightmap-8_comp_shadowmask.png
  artifactKey: Guid(79c7ff778ec1f5144b02977583d70da3) Importer(815301076,1909f56bfc062723c751e8b465ee728b)
Start importing Assets/Samples/Meteorite/MeteoriteSample/Lightmap-8_comp_shadowmask.png using Guid(79c7ff778ec1f5144b02977583d70da3) Importer(815301076,1909f56bfc062723c751e8b465ee728b)  -> (artifact id: 'bc140b964074a80ecb80ff1c824b5312') in 0.016913 seconds 
========================================================================
Received Import Request.
  Time since last request: 0.000035 seconds.
  path: Assets/Samples/Meteorite/MeteoriteSample/Lightmap-0_comp_shadowmask.png
  artifactKey: Guid(1b8f17c1189231c4ea55baf8d72ed585) Importer(815301076,1909f56bfc062723c751e8b465ee728b)
Start importing Assets/Samples/Meteorite/MeteoriteSample/Lightmap-0_comp_shadowmask.png using Guid(1b8f17c1189231c4ea55baf8d72ed585) Importer(815301076,1909f56bfc062723c751e8b465ee728b)  -> (artifact id: 'ace9989fdbf3ca68cc66b3f1829b23d9') in 0.014394 seconds 
========================================================================
Received Import Request.
  Time since last request: 0.000034 seconds.
  path: Assets/Samples/GenieMagicLamp/Art/Fire_7x7.tga
  artifactKey: Guid(5ff8ba3302ec5a74c9ff0eee3ddbdc61) Importer(815301076,1909f56bfc062723c751e8b465ee728b)
Start importing Assets/Samples/GenieMagicLamp/Art/Fire_7x7.tga using Guid(5ff8ba3302ec5a74c9ff0eee3ddbdc61) Importer(815301076,1909f56bfc062723c751e8b465ee728b)  -> (artifact id: 'e4f5e36562ace586836d438c1868df0a') in 0.017646 seconds 
========================================================================
Received Import Request.
  Time since last request: 0.000039 seconds.
  path: Assets/Samples/Meteorite/MeteoriteSample/Lightmap-6_comp_dir.png
  artifactKey: Guid(75457f0e52beac14f9e18a5f5bcbb205) Importer(815301076,1909f56bfc062723c751e8b465ee728b)
Start importing Assets/Samples/Meteorite/MeteoriteSample/Lightmap-6_comp_dir.png using Guid(75457f0e52beac14f9e18a5f5bcbb205) Importer(815301076,1909f56bfc062723c751e8b465ee728b)  -> (artifact id: '19281ff7f7df0fafb6f8cd662432eaa3') in 0.013924 seconds 
Editor requested this worker to shutdown with reason: Scaling down because of idle timeout
AssetImportWorker is now disconnected from the server
Process exiting
Exiting without the bug reporter. Application will terminate with return code 0